{"F:\\project\\tests\\pizza-vue\\src\\Layout\\index.js": {"path":"F:\\project\\tests\\pizza-vue\\src\\Layout\\index.js","statementMap":{},"fnMap":{},"branchMap":{},"s":{},"f":{},"b":{},"_coverageSchema":"43e27e138ebf9cfc5966b082cf9a028302ed4184","hash":"7aa20237f74f839068a32f9f69fc46fe6d458f3c"}
,"F:\\project\\tests\\pizza-vue\\src\\Layout\\style.js": {"path":"F:\\project\\tests\\pizza-vue\\src\\Layout\\style.js","statementMap":{},"fnMap":{},"branchMap":{},"s":{},"f":{},"b":{},"_coverageSchema":"43e27e138ebf9cfc5966b082cf9a028302ed4184","hash":"a75aa3528ce37b2357ee880e7d02269fd94ce484"}
,"F:\\project\\tests\\pizza-vue\\src\\Layout\\TheBar\\LayoutTheBar.vue": {"path":"F:\\project\\tests\\pizza-vue\\src\\Layout\\TheBar\\LayoutTheBar.vue","statementMap":{"0":{"start":{"line":2,"column":0},"end":{"line":2,"column":null}},"1":{"start":{"line":3,"column":0},"end":{"line":3,"column":null}},"2":{"start":{"line":4,"column":0},"end":{"line":4,"column":null}},"3":{"start":{"line":6,"column":0},"end":{"line":6,"column":null}},"4":{"start":{"line":8,"column":0},"end":{"line":8,"column":null}},"5":{"start":{"line":14,"column":0},"end":{"line":14,"column":null}},"6":{"start":{"line":22,"column":0},"end":{"line":22,"column":null}},"7":{"start":{"line":26,"column":0},"end":{"line":26,"column":null}},"8":{"start":{"line":30,"column":0},"end":{"line":30,"column":null}},"9":{"start":{"line":40,"column":0},"end":{"line":42,"column":null}},"10":{"start":{"line":41,"column":0},"end":{"line":41,"column":null}},"11":{"start":{"line":54,"column":0},"end":{"line":54,"column":null}},"12":{"start":{"line":56,"column":0},"end":{"line":56,"column":null}},"13":{"start":{"line":60,"column":0},"end":{"line":60,"column":null}}},"fnMap":{"0":{"name":"(anonymous_1)","decl":{"start":{"line":13,"column":0},"end":{"line":13,"column":null}},"loc":{"start":{"line":13,"column":0},"end":{"line":17,"column":null}}},"1":{"name":"(anonymous_2)","decl":{"start":{"line":21,"column":0},"end":{"line":21,"column":null}},"loc":{"start":{"line":21,"column":0},"end":{"line":23,"column":null}}},"2":{"name":"(anonymous_3)","decl":{"start":{"line":25,"column":0},"end":{"line":25,"column":null}},"loc":{"start":{"line":25,"column":0},"end":{"line":27,"column":null}}},"3":{"name":"(anonymous_4)","decl":{"start":{"line":29,"column":0},"end":{"line":29,"column":null}},"loc":{"start":{"line":29,"column":0},"end":{"line":31,"column":null}}},"4":{"name":"(anonymous_5)","decl":{"start":{"line":39,"column":0},"end":{"line":39,"column":null}},"loc":{"start":{"line":39,"column":0},"end":{"line":43,"column":null}}},"5":{"name":"(anonymous_6)","decl":{"start":{"line":40,"column":0},"end":{"line":40,"column":null}},"loc":{"start":{"line":40,"column":0},"end":{"line":42,"column":null}}},"6":{"name":"(anonymous_7)","decl":{"start":{"line":52,"column":0},"end":{"line":52,"column":null}},"loc":{"start":{"line":52,"column":0},"end":{"line":57,"column":null}}},"7":{"name":"(anonymous_8)","decl":{"start":{"line":59,"column":0},"end":{"line":59,"column":null}},"loc":{"start":{"line":59,"column":0},"end":{"line":61,"column":null}}}},"branchMap":{"0":{"loc":{"start":{"line":41,"column":0},"end":{"line":41,"column":null}},"type":"cond-expr","locations":[{"start":{"line":41,"column":0},"end":{"line":41,"column":null}},{"start":{"line":41,"column":0},"end":{"line":41,"column":null}}]}},"s":{"0":5,"1":5,"2":5,"3":5,"4":5,"5":6,"6":6,"7":6,"8":0,"9":6,"10":36,"11":1,"12":1,"13":0},"f":{"0":6,"1":6,"2":6,"3":0,"4":6,"5":36,"6":1,"7":0},"b":{"0":[6,30]}}
,"F:\\project\\tests\\pizza-vue\\src\\Layout\\TheBar\\TagGroupMobile\\TagGroupMobile.vue": {"path":"F:\\project\\tests\\pizza-vue\\src\\Layout\\TheBar\\TagGroupMobile\\TagGroupMobile.vue","statementMap":{"0":{"start":{"line":2,"column":0},"end":{"line":2,"column":null}},"1":{"start":{"line":4,"column":0},"end":{"line":4,"column":null}},"2":{"start":{"line":5,"column":0},"end":{"line":5,"column":null}},"3":{"start":{"line":7,"column":0},"end":{"line":7,"column":null}},"4":{"start":{"line":25,"column":0},"end":{"line":25,"column":null}},"5":{"start":{"line":32,"column":0},"end":{"line":32,"column":null}},"6":{"start":{"line":36,"column":0},"end":{"line":36,"column":null}},"7":{"start":{"line":40,"column":0},"end":{"line":40,"column":null}},"8":{"start":{"line":44,"column":0},"end":{"line":46,"column":null}},"9":{"start":{"line":45,"column":0},"end":{"line":45,"column":null}},"10":{"start":{"line":56,"column":0},"end":{"line":56,"column":null}},"11":{"start":{"line":57,"column":0},"end":{"line":57,"column":null}},"12":{"start":{"line":61,"column":0},"end":{"line":61,"column":null}},"13":{"start":{"line":65,"column":0},"end":{"line":65,"column":null}}},"fnMap":{"0":{"name":"(anonymous_1)","decl":{"start":{"line":24,"column":0},"end":{"line":24,"column":null}},"loc":{"start":{"line":24,"column":0},"end":{"line":29,"column":null}}},"1":{"name":"(anonymous_2)","decl":{"start":{"line":31,"column":0},"end":{"line":31,"column":null}},"loc":{"start":{"line":31,"column":0},"end":{"line":33,"column":null}}},"2":{"name":"(anonymous_3)","decl":{"start":{"line":35,"column":0},"end":{"line":35,"column":null}},"loc":{"start":{"line":35,"column":0},"end":{"line":37,"column":null}}},"3":{"name":"(anonymous_4)","decl":{"start":{"line":39,"column":0},"end":{"line":39,"column":null}},"loc":{"start":{"line":39,"column":0},"end":{"line":41,"column":null}}},"4":{"name":"(anonymous_5)","decl":{"start":{"line":43,"column":0},"end":{"line":43,"column":null}},"loc":{"start":{"line":43,"column":0},"end":{"line":47,"column":null}}},"5":{"name":"(anonymous_6)","decl":{"start":{"line":44,"column":0},"end":{"line":44,"column":null}},"loc":{"start":{"line":44,"column":0},"end":{"line":46,"column":null}}},"6":{"name":"(anonymous_7)","decl":{"start":{"line":55,"column":0},"end":{"line":55,"column":null}},"loc":{"start":{"line":55,"column":0},"end":{"line":58,"column":null}}},"7":{"name":"(anonymous_8)","decl":{"start":{"line":60,"column":0},"end":{"line":60,"column":null}},"loc":{"start":{"line":60,"column":0},"end":{"line":62,"column":null}}},"8":{"name":"(anonymous_9)","decl":{"start":{"line":64,"column":0},"end":{"line":64,"column":null}},"loc":{"start":{"line":64,"column":0},"end":{"line":66,"column":null}}}},"branchMap":{"0":{"loc":{"start":{"line":45,"column":0},"end":{"line":45,"column":null}},"type":"cond-expr","locations":[{"start":{"line":45,"column":0},"end":{"line":45,"column":null}},{"start":{"line":45,"column":0},"end":{"line":45,"column":null}}]}},"s":{"0":5,"1":5,"2":5,"3":5,"4":0,"5":0,"6":0,"7":0,"8":0,"9":0,"10":0,"11":0,"12":0,"13":0},"f":{"0":0,"1":0,"2":0,"3":0,"4":0,"5":0,"6":0,"7":0,"8":0},"b":{"0":[0,0]}}
,"F:\\project\\tests\\pizza-vue\\src\\Layout\\TheGrid\\LayoutTheGrid.vue": {"path":"F:\\project\\tests\\pizza-vue\\src\\Layout\\TheGrid\\LayoutTheGrid.vue","statementMap":{"0":{"start":{"line":2,"column":0},"end":{"line":2,"column":null}},"1":{"start":{"line":3,"column":0},"end":{"line":3,"column":null}},"2":{"start":{"line":4,"column":0},"end":{"line":4,"column":null}},"3":{"start":{"line":6,"column":0},"end":{"line":6,"column":null}},"4":{"start":{"line":14,"column":0},"end":{"line":14,"column":null}},"5":{"start":{"line":26,"column":0},"end":{"line":26,"column":null}},"6":{"start":{"line":37,"column":0},"end":{"line":37,"column":null}}},"fnMap":{"0":{"name":"(anonymous_1)","decl":{"start":{"line":13,"column":0},"end":{"line":13,"column":null}},"loc":{"start":{"line":13,"column":0},"end":{"line":15,"column":null}}},"1":{"name":"(anonymous_2)","decl":{"start":{"line":25,"column":0},"end":{"line":25,"column":null}},"loc":{"start":{"line":25,"column":0},"end":{"line":27,"column":null}}},"2":{"name":"(anonymous_3)","decl":{"start":{"line":26,"column":0},"end":{"line":26,"column":null}},"loc":{"start":{"line":26,"column":0},"end":{"line":26,"column":null}}},"3":{"name":"(anonymous_4)","decl":{"start":{"line":36,"column":0},"end":{"line":36,"column":null}},"loc":{"start":{"line":36,"column":0},"end":{"line":38,"column":null}}}},"branchMap":{"0":{"loc":{"start":{"line":26,"column":0},"end":{"line":26,"column":null}},"type":"cond-expr","locations":[{"start":{"line":26,"column":0},"end":{"line":26,"column":null}},{"start":{"line":26,"column":0},"end":{"line":26,"column":null}}]}},"s":{"0":5,"1":5,"2":5,"3":5,"4":4,"5":16,"6":1},"f":{"0":4,"1":4,"2":12,"3":1},"b":{"0":[0,12]}}
,"F:\\project\\tests\\pizza-vue\\src\\Layout\\TheHeader\\LayoutTheHeader.vue": {"path":"F:\\project\\tests\\pizza-vue\\src\\Layout\\TheHeader\\LayoutTheHeader.vue","statementMap":{"0":{"start":{"line":2,"column":0},"end":{"line":2,"column":null}},"1":{"start":{"line":3,"column":0},"end":{"line":3,"column":null}},"2":{"start":{"line":4,"column":0},"end":{"line":4,"column":null}},"3":{"start":{"line":6,"column":0},"end":{"line":6,"column":null}},"4":{"start":{"line":8,"column":0},"end":{"line":8,"column":null}},"5":{"start":{"line":27,"column":0},"end":{"line":27,"column":null}},"6":{"start":{"line":41,"column":0},"end":{"line":41,"column":null}},"7":{"start":{"line":45,"column":0},"end":{"line":45,"column":null}}},"fnMap":{"0":{"name":"(anonymous_1)","decl":{"start":{"line":26,"column":0},"end":{"line":26,"column":null}},"loc":{"start":{"line":26,"column":0},"end":{"line":32,"column":null}}},"1":{"name":"(anonymous_2)","decl":{"start":{"line":40,"column":0},"end":{"line":40,"column":null}},"loc":{"start":{"line":40,"column":0},"end":{"line":42,"column":null}}},"2":{"name":"(anonymous_3)","decl":{"start":{"line":44,"column":0},"end":{"line":44,"column":null}},"loc":{"start":{"line":44,"column":0},"end":{"line":46,"column":null}}}},"branchMap":{},"s":{"0":4,"1":4,"2":4,"3":4,"4":4,"5":3,"6":2,"7":3},"f":{"0":3,"1":2,"2":3},"b":{}}
,"F:\\project\\tests\\pizza-vue\\src\\Layout\\TheShopList\\LayoutTheShopList.vue": {"path":"F:\\project\\tests\\pizza-vue\\src\\Layout\\TheShopList\\LayoutTheShopList.vue","statementMap":{"0":{"start":{"line":3,"column":0},"end":{"line":3,"column":null}},"1":{"start":{"line":4,"column":0},"end":{"line":4,"column":null}},"2":{"start":{"line":6,"column":0},"end":{"line":6,"column":null}},"3":{"start":{"line":7,"column":0},"end":{"line":7,"column":null}},"4":{"start":{"line":8,"column":0},"end":{"line":8,"column":null}},"5":{"start":{"line":18,"column":0},"end":{"line":18,"column":null}},"6":{"start":{"line":28,"column":0},"end":{"line":28,"column":null}},"7":{"start":{"line":47,"column":0},"end":{"line":47,"column":null}},"8":{"start":{"line":54,"column":0},"end":{"line":54,"column":null}},"9":{"start":{"line":61,"column":0},"end":{"line":61,"column":null}},"10":{"start":{"line":69,"column":0},"end":{"line":69,"column":null}},"11":{"start":{"line":77,"column":0},"end":{"line":77,"column":null}},"12":{"start":{"line":79,"column":0},"end":{"line":79,"column":null}}},"fnMap":{"0":{"name":"(anonymous_1)","decl":{"start":{"line":17,"column":0},"end":{"line":17,"column":null}},"loc":{"start":{"line":17,"column":0},"end":{"line":24,"column":null}}},"1":{"name":"(anonymous_2)","decl":{"start":{"line":27,"column":0},"end":{"line":27,"column":null}},"loc":{"start":{"line":27,"column":0},"end":{"line":29,"column":null}}},"2":{"name":"(anonymous_3)","decl":{"start":{"line":45,"column":0},"end":{"line":45,"column":null}},"loc":{"start":{"line":45,"column":0},"end":{"line":66,"column":null}}},"3":{"name":"(anonymous_4)","decl":{"start":{"line":53,"column":0},"end":{"line":53,"column":null}},"loc":{"start":{"line":53,"column":0},"end":{"line":55,"column":null}}},"4":{"name":"(anonymous_5)","decl":{"start":{"line":59,"column":0},"end":{"line":59,"column":null}},"loc":{"start":{"line":59,"column":0},"end":{"line":62,"column":null}}},"5":{"name":"(anonymous_6)","decl":{"start":{"line":68,"column":0},"end":{"line":68,"column":null}},"loc":{"start":{"line":68,"column":0},"end":{"line":84,"column":null}}},"6":{"name":"(anonymous_7)","decl":{"start":{"line":76,"column":0},"end":{"line":76,"column":null}},"loc":{"start":{"line":76,"column":0},"end":{"line":80,"column":null}}}},"branchMap":{},"s":{"0":4,"1":4,"2":4,"3":4,"4":4,"5":8,"6":8,"7":1,"8":0,"9":1,"10":1,"11":1,"12":1},"f":{"0":8,"1":8,"2":1,"3":0,"4":1,"5":1,"6":1},"b":{}}
,"F:\\project\\tests\\pizza-vue\\src\\Layout\\TheShopList\\LayoutTheShopListEmpty.vue": {"path":"F:\\project\\tests\\pizza-vue\\src\\Layout\\TheShopList\\LayoutTheShopListEmpty.vue","statementMap":{"0":{"start":{"line":2,"column":0},"end":{"line":2,"column":null}},"1":{"start":{"line":4,"column":0},"end":{"line":4,"column":null}},"2":{"start":{"line":5,"column":0},"end":{"line":5,"column":null}},"3":{"start":{"line":13,"column":0},"end":{"line":13,"column":null}},"4":{"start":{"line":20,"column":0},"end":{"line":20,"column":null}}},"fnMap":{"0":{"name":"(anonymous_1)","decl":{"start":{"line":12,"column":0},"end":{"line":12,"column":null}},"loc":{"start":{"line":12,"column":0},"end":{"line":16,"column":null}}},"1":{"name":"(anonymous_2)","decl":{"start":{"line":19,"column":0},"end":{"line":19,"column":null}},"loc":{"start":{"line":19,"column":0},"end":{"line":21,"column":null}}}},"branchMap":{},"s":{"0":4,"1":4,"2":4,"3":0,"4":0},"f":{"0":0,"1":0},"b":{}}
,"F:\\project\\tests\\pizza-vue\\src\\api\\generic.api.js": {"path":"F:\\project\\tests\\pizza-vue\\src\\api\\generic.api.js","statementMap":{"0":{"start":{"line":5,"column":16},"end":{"line":5,"column":48}},"1":{"start":{"line":10,"column":23},"end":{"line":13,"column":1}},"2":{"start":{"line":11,"column":19},"end":{"line":11,"column":65}},"3":{"start":{"line":12,"column":2},"end":{"line":12,"column":23}}},"fnMap":{"0":{"name":"(anonymous_0)","decl":{"start":{"line":10,"column":23},"end":{"line":10,"column":24}},"loc":{"start":{"line":10,"column":61},"end":{"line":13,"column":1}},"line":10}},"branchMap":{"0":{"loc":{"start":{"line":10,"column":45},"end":{"line":10,"column":54}},"type":"default-arg","locations":[{"start":{"line":10,"column":52},"end":{"line":10,"column":54}}],"line":10}},"s":{"0":3,"1":3,"2":2,"3":2},"f":{"0":2},"b":{"0":[2]},"_coverageSchema":"43e27e138ebf9cfc5966b082cf9a028302ed4184","hash":"c178c6949403b55b89b8cd44128208471768633d"}
,"F:\\project\\tests\\pizza-vue\\src\\api\\products.api.js": {"path":"F:\\project\\tests\\pizza-vue\\src\\api\\products.api.js","statementMap":{"0":{"start":{"line":5,"column":20},"end":{"line":13,"column":4}},"1":{"start":{"line":6,"column":2},"end":{"line":13,"column":4}}},"fnMap":{"0":{"name":"(anonymous_0)","decl":{"start":{"line":5,"column":20},"end":{"line":5,"column":21}},"loc":{"start":{"line":6,"column":2},"end":{"line":13,"column":4}},"line":6}},"branchMap":{"0":{"loc":{"start":{"line":8,"column":12},"end":{"line":8,"column":69}},"type":"cond-expr","locations":[{"start":{"line":8,"column":37},"end":{"line":8,"column":64}},{"start":{"line":8,"column":67},"end":{"line":8,"column":69}}],"line":8}},"s":{"0":2,"1":1},"f":{"0":1},"b":{"0":[1,0]},"_coverageSchema":"43e27e138ebf9cfc5966b082cf9a028302ed4184","hash":"9b5956a95daa6fd94b4061fcee7fe6675ba92e37"}
,"F:\\project\\tests\\pizza-vue\\src\\assets\\index.js": {"path":"F:\\project\\tests\\pizza-vue\\src\\assets\\index.js","statementMap":{},"fnMap":{},"branchMap":{},"s":{},"f":{},"b":{},"_coverageSchema":"43e27e138ebf9cfc5966b082cf9a028302ed4184","hash":"6837a68bc4ab0a35c63d034a13b492a6d3957672"}
,"F:\\project\\tests\\pizza-vue\\src\\assets\\img\\arrow-top.svg": {"path":"F:\\project\\tests\\pizza-vue\\src\\assets\\img\\arrow-top.svg","statementMap":{"0":{"start":{"line":1,"column":0},"end":{"line":1,"column":19}}},"fnMap":{},"branchMap":{},"s":{"0":9},"f":{},"b":{},"_coverageSchema":"43e27e138ebf9cfc5966b082cf9a028302ed4184","hash":"25b26e783bb40c0b897b4ba21a348d32e91e634c"}
,"F:\\project\\tests\\pizza-vue\\src\\assets\\img\\empty-cart.png": {"path":"F:\\project\\tests\\pizza-vue\\src\\assets\\img\\empty-cart.png","statementMap":{"0":{"start":{"line":1,"column":0},"end":{"line":1,"column":19}}},"fnMap":{},"branchMap":{},"s":{"0":9},"f":{},"b":{},"_coverageSchema":"43e27e138ebf9cfc5966b082cf9a028302ed4184","hash":"c5ae06eb6e99a51bd97bd7da873d431897157c56"}
,"F:\\project\\tests\\pizza-vue\\src\\assets\\img\\grey-arrow-left.svg": {"path":"F:\\project\\tests\\pizza-vue\\src\\assets\\img\\grey-arrow-left.svg","statementMap":{"0":{"start":{"line":1,"column":0},"end":{"line":1,"column":19}}},"fnMap":{},"branchMap":{},"s":{"0":9},"f":{},"b":{},"_coverageSchema":"43e27e138ebf9cfc5966b082cf9a028302ed4184","hash":"429b5d864c6ff1cd4f373eef7ea560211597457a"}
,"F:\\project\\tests\\pizza-vue\\src\\assets\\img\\iconfinder.svg": {"path":"F:\\project\\tests\\pizza-vue\\src\\assets\\img\\iconfinder.svg","statementMap":{"0":{"start":{"line":1,"column":0},"end":{"line":1,"column":19}}},"fnMap":{},"branchMap":{},"s":{"0":9},"f":{},"b":{},"_coverageSchema":"43e27e138ebf9cfc5966b082cf9a028302ed4184","hash":"09a3ae823078efc0ef3e209b6d918f67ae1a4e7b"}
,"F:\\project\\tests\\pizza-vue\\src\\assets\\img\\pizza-logo.svg": {"path":"F:\\project\\tests\\pizza-vue\\src\\assets\\img\\pizza-logo.svg","statementMap":{"0":{"start":{"line":1,"column":0},"end":{"line":1,"column":19}}},"fnMap":{},"branchMap":{},"s":{"0":9},"f":{},"b":{},"_coverageSchema":"43e27e138ebf9cfc5966b082cf9a028302ed4184","hash":"4096b4e222d8ac84e54b226ad1b5699b50344f78"}
,"F:\\project\\tests\\pizza-vue\\src\\assets\\img\\pizza-small.svg": {"path":"F:\\project\\tests\\pizza-vue\\src\\assets\\img\\pizza-small.svg","statementMap":{"0":{"start":{"line":1,"column":0},"end":{"line":1,"column":19}}},"fnMap":{},"branchMap":{},"s":{"0":9},"f":{},"b":{},"_coverageSchema":"43e27e138ebf9cfc5966b082cf9a028302ed4184","hash":"85e2cd97fdcf3ce4e03e7d6e1038c41c396bbe30"}
,"F:\\project\\tests\\pizza-vue\\src\\assets\\img\\shopping-cart.svg": {"path":"F:\\project\\tests\\pizza-vue\\src\\assets\\img\\shopping-cart.svg","statementMap":{"0":{"start":{"line":1,"column":0},"end":{"line":1,"column":19}}},"fnMap":{},"branchMap":{},"s":{"0":9},"f":{},"b":{},"_coverageSchema":"43e27e138ebf9cfc5966b082cf9a028302ed4184","hash":"e06a3c184a92eacce60b1d80c521792b04857d1d"}
,"F:\\project\\tests\\pizza-vue\\src\\assets\\img\\trash.svg": {"path":"F:\\project\\tests\\pizza-vue\\src\\assets\\img\\trash.svg","statementMap":{"0":{"start":{"line":1,"column":0},"end":{"line":1,"column":19}}},"fnMap":{},"branchMap":{},"s":{"0":9},"f":{},"b":{},"_coverageSchema":"43e27e138ebf9cfc5966b082cf9a028302ed4184","hash":"70e08bd113d0ab8ac1caecddc9c46b2d9c8b304b"}
,"F:\\project\\tests\\pizza-vue\\src\\components\\index.js": {"path":"F:\\project\\tests\\pizza-vue\\src\\components\\index.js","statementMap":{},"fnMap":{},"branchMap":{},"s":{},"f":{},"b":{},"_coverageSchema":"43e27e138ebf9cfc5966b082cf9a028302ed4184","hash":"608a1888fa1e99f300ad7e5f0725b6c8a989090c"}
,"F:\\project\\tests\\pizza-vue\\src\\components\\style.js": {"path":"F:\\project\\tests\\pizza-vue\\src\\components\\style.js","statementMap":{},"fnMap":{},"branchMap":{},"s":{},"f":{},"b":{},"_coverageSchema":"43e27e138ebf9cfc5966b082cf9a028302ed4184","hash":"e25f7abccb6e27060ccd678f3eb3a568ebda6a7c"}
,"F:\\project\\tests\\pizza-vue\\src\\components\\Button\\Button.vue": {"path":"F:\\project\\tests\\pizza-vue\\src\\components\\Button\\Button.vue","statementMap":{"0":{"start":{"line":2,"column":0},"end":{"line":2,"column":null}},"1":{"start":{"line":16,"column":0},"end":{"line":16,"column":null}},"2":{"start":{"line":23,"column":0},"end":{"line":23,"column":null}}},"fnMap":{"0":{"name":"(anonymous_1)","decl":{"start":{"line":15,"column":0},"end":{"line":15,"column":null}},"loc":{"start":{"line":15,"column":0},"end":{"line":17,"column":null}}},"1":{"name":"(anonymous_2)","decl":{"start":{"line":22,"column":0},"end":{"line":22,"column":null}},"loc":{"start":{"line":22,"column":0},"end":{"line":24,"column":null}}}},"branchMap":{},"s":{"0":9,"1":216,"2":12},"f":{"0":216,"1":12},"b":{}}
,"F:\\project\\tests\\pizza-vue\\src\\components\\Card\\Card.vue": {"path":"F:\\project\\tests\\pizza-vue\\src\\components\\Card\\Card.vue","statementMap":{"0":{"start":{"line":2,"column":0},"end":{"line":2,"column":null}},"1":{"start":{"line":4,"column":0},"end":{"line":4,"column":null}},"2":{"start":{"line":5,"column":0},"end":{"line":5,"column":null}},"3":{"start":{"line":27,"column":0},"end":{"line":27,"column":null}},"4":{"start":{"line":37,"column":0},"end":{"line":37,"column":null}},"5":{"start":{"line":60,"column":0},"end":{"line":60,"column":null}},"6":{"start":{"line":64,"column":0},"end":{"line":64,"column":null}},"7":{"start":{"line":68,"column":0},"end":{"line":68,"column":null}},"8":{"start":{"line":79,"column":0},"end":{"line":79,"column":null}},"9":{"start":{"line":84,"column":0},"end":{"line":84,"column":null}},"10":{"start":{"line":89,"column":0},"end":{"line":89,"column":null}},"11":{"start":{"line":94,"column":0},"end":{"line":94,"column":null}},"12":{"start":{"line":100,"column":0},"end":{"line":100,"column":null}},"13":{"start":{"line":104,"column":0},"end":{"line":104,"column":null}},"14":{"start":{"line":110,"column":0},"end":{"line":110,"column":null}},"15":{"start":{"line":112,"column":0},"end":{"line":112,"column":null}},"16":{"start":{"line":114,"column":0},"end":{"line":114,"column":null}},"17":{"start":{"line":115,"column":0},"end":{"line":115,"column":null}}},"fnMap":{"0":{"name":"(anonymous_1)","decl":{"start":{"line":27,"column":0},"end":{"line":27,"column":null}},"loc":{"start":{"line":27,"column":0},"end":{"line":27,"column":null}}},"1":{"name":"(anonymous_2)","decl":{"start":{"line":36,"column":0},"end":{"line":36,"column":null}},"loc":{"start":{"line":36,"column":0},"end":{"line":52,"column":null}}},"2":{"name":"(anonymous_3)","decl":{"start":{"line":59,"column":0},"end":{"line":59,"column":null}},"loc":{"start":{"line":59,"column":0},"end":{"line":61,"column":null}}},"3":{"name":"(anonymous_4)","decl":{"start":{"line":63,"column":0},"end":{"line":63,"column":null}},"loc":{"start":{"line":63,"column":0},"end":{"line":65,"column":null}}},"4":{"name":"(anonymous_5)","decl":{"start":{"line":67,"column":0},"end":{"line":67,"column":null}},"loc":{"start":{"line":67,"column":0},"end":{"line":76,"column":null}}},"5":{"name":"(anonymous_6)","decl":{"start":{"line":78,"column":0},"end":{"line":78,"column":null}},"loc":{"start":{"line":78,"column":0},"end":{"line":81,"column":null}}},"6":{"name":"(anonymous_7)","decl":{"start":{"line":79,"column":0},"end":{"line":79,"column":null}},"loc":{"start":{"line":79,"column":0},"end":{"line":79,"column":null}}},"7":{"name":"(anonymous_8)","decl":{"start":{"line":83,"column":0},"end":{"line":83,"column":null}},"loc":{"start":{"line":83,"column":0},"end":{"line":86,"column":null}}},"8":{"name":"(anonymous_9)","decl":{"start":{"line":84,"column":0},"end":{"line":84,"column":null}},"loc":{"start":{"line":84,"column":0},"end":{"line":84,"column":null}}},"9":{"name":"(anonymous_10)","decl":{"start":{"line":88,"column":0},"end":{"line":88,"column":null}},"loc":{"start":{"line":88,"column":0},"end":{"line":90,"column":null}}},"10":{"name":"(anonymous_11)","decl":{"start":{"line":89,"column":0},"end":{"line":89,"column":null}},"loc":{"start":{"line":89,"column":0},"end":{"line":89,"column":null}}},"11":{"name":"(anonymous_12)","decl":{"start":{"line":93,"column":0},"end":{"line":93,"column":null}},"loc":{"start":{"line":93,"column":0},"end":{"line":95,"column":null}}},"12":{"name":"(anonymous_13)","decl":{"start":{"line":99,"column":0},"end":{"line":99,"column":null}},"loc":{"start":{"line":99,"column":0},"end":{"line":101,"column":null}}},"13":{"name":"(anonymous_14)","decl":{"start":{"line":103,"column":0},"end":{"line":103,"column":null}},"loc":{"start":{"line":103,"column":0},"end":{"line":105,"column":null}}},"14":{"name":"(anonymous_15)","decl":{"start":{"line":109,"column":0},"end":{"line":109,"column":null}},"loc":{"start":{"line":109,"column":0},"end":{"line":116,"column":null}}}},"branchMap":{"0":{"loc":{"start":{"line":38,"column":0},"end":{"line":38,"column":null}},"type":"cond-expr","locations":[{"start":{"line":38,"column":0},"end":{"line":38,"column":null}},{"start":{"line":38,"column":0},"end":{"line":38,"column":null}}]},"1":{"loc":{"start":{"line":39,"column":0},"end":{"line":39,"column":null}},"type":"cond-expr","locations":[{"start":{"line":39,"column":0},"end":{"line":39,"column":null}},{"start":{"line":39,"column":0},"end":{"line":39,"column":null}}]},"2":{"loc":{"start":{"line":79,"column":0},"end":{"line":79,"column":null}},"type":"cond-expr","locations":[{"start":{"line":79,"column":0},"end":{"line":79,"column":null}},{"start":{"line":79,"column":0},"end":{"line":79,"column":null}}]},"3":{"loc":{"start":{"line":84,"column":0},"end":{"line":84,"column":null}},"type":"cond-expr","locations":[{"start":{"line":84,"column":0},"end":{"line":84,"column":null}},{"start":{"line":84,"column":0},"end":{"line":84,"column":null}}]},"4":{"loc":{"start":{"line":89,"column":0},"end":{"line":89,"column":null}},"type":"cond-expr","locations":[{"start":{"line":89,"column":0},"end":{"line":89,"column":null}},{"start":{"line":89,"column":0},"end":{"line":89,"column":null}}]},"5":{"loc":{"start":{"line":114,"column":0},"end":{"line":114,"column":null}},"type":"cond-expr","locations":[{"start":{"line":114,"column":0},"end":{"line":114,"column":null}},{"start":{"line":114,"column":0},"end":{"line":114,"column":null}}]},"6":{"loc":{"start":{"line":115,"column":0},"end":{"line":115,"column":null}},"type":"cond-expr","locations":[{"start":{"line":115,"column":0},"end":{"line":115,"column":null}},{"start":{"line":115,"column":0},"end":{"line":115,"column":null}}]}},"s":{"0":9,"1":9,"2":9,"3":0,"4":18,"5":18,"6":18,"7":1,"8":118,"9":118,"10":38,"11":18,"12":1,"13":1,"14":19,"15":19,"16":19,"17":19},"f":{"0":0,"1":18,"2":18,"3":18,"4":1,"5":18,"6":100,"7":18,"8":100,"9":18,"10":20,"11":18,"12":1,"13":1,"14":19},"b":{"0":[18,0],"1":[18,0],"2":[40,60],"3":[26,74],"4":[0,20],"5":[0,19],"6":[0,19]}}
,"F:\\project\\tests\\pizza-vue\\src\\components\\DropDown\\DropDown.vue": {"path":"F:\\project\\tests\\pizza-vue\\src\\components\\DropDown\\DropDown.vue","statementMap":{"0":{"start":{"line":2,"column":0},"end":{"line":2,"column":null}},"1":{"start":{"line":4,"column":0},"end":{"line":4,"column":null}},"2":{"start":{"line":5,"column":0},"end":{"line":5,"column":null}},"3":{"start":{"line":11,"column":0},"end":{"line":11,"column":null}},"4":{"start":{"line":19,"column":0},"end":{"line":19,"column":null}},"5":{"start":{"line":27,"column":0},"end":{"line":27,"column":null}},"6":{"start":{"line":35,"column":0},"end":{"line":35,"column":null}},"7":{"start":{"line":39,"column":0},"end":{"line":39,"column":null}},"8":{"start":{"line":53,"column":0},"end":{"line":53,"column":null}},"9":{"start":{"line":57,"column":0},"end":{"line":61,"column":null}},"10":{"start":{"line":58,"column":0},"end":{"line":58,"column":null}},"11":{"start":{"line":60,"column":0},"end":{"line":60,"column":null}},"12":{"start":{"line":66,"column":0},"end":{"line":66,"column":null}},"13":{"start":{"line":67,"column":0},"end":{"line":67,"column":null}}},"fnMap":{"0":{"name":"(anonymous_1)","decl":{"start":{"line":10,"column":0},"end":{"line":10,"column":null}},"loc":{"start":{"line":10,"column":0},"end":{"line":14,"column":null}}},"1":{"name":"(anonymous_2)","decl":{"start":{"line":18,"column":0},"end":{"line":18,"column":null}},"loc":{"start":{"line":18,"column":0},"end":{"line":20,"column":null}}},"2":{"name":"(anonymous_3)","decl":{"start":{"line":26,"column":0},"end":{"line":26,"column":null}},"loc":{"start":{"line":26,"column":0},"end":{"line":31,"column":null}}},"3":{"name":"(anonymous_4)","decl":{"start":{"line":27,"column":0},"end":{"line":27,"column":null}},"loc":{"start":{"line":27,"column":0},"end":{"line":27,"column":null}}},"4":{"name":"(anonymous_5)","decl":{"start":{"line":34,"column":0},"end":{"line":34,"column":null}},"loc":{"start":{"line":34,"column":0},"end":{"line":36,"column":null}}},"5":{"name":"(anonymous_6)","decl":{"start":{"line":38,"column":0},"end":{"line":38,"column":null}},"loc":{"start":{"line":38,"column":0},"end":{"line":40,"column":null}}},"6":{"name":"(anonymous_7)","decl":{"start":{"line":51,"column":0},"end":{"line":51,"column":null}},"loc":{"start":{"line":51,"column":0},"end":{"line":54,"column":null}}},"7":{"name":"(anonymous_8)","decl":{"start":{"line":56,"column":0},"end":{"line":56,"column":null}},"loc":{"start":{"line":56,"column":0},"end":{"line":62,"column":null}}},"8":{"name":"(anonymous_9)","decl":{"start":{"line":64,"column":0},"end":{"line":64,"column":null}},"loc":{"start":{"line":64,"column":0},"end":{"line":68,"column":null}}}},"branchMap":{"0":{"loc":{"start":{"line":27,"column":0},"end":{"line":27,"column":null}},"type":"cond-expr","locations":[{"start":{"line":27,"column":0},"end":{"line":27,"column":null}},{"start":{"line":27,"column":0},"end":{"line":27,"column":null}}]},"1":{"loc":{"start":{"line":57,"column":0},"end":{"line":61,"column":null}},"type":"if","locations":[{"start":{"line":57,"column":0},"end":{"line":61,"column":null}},{"start":{"line":57,"column":0},"end":{"line":61,"column":null}}]}},"s":{"0":9,"1":9,"2":9,"3":12,"4":12,"5":57,"6":12,"7":0,"8":5,"9":0,"10":0,"11":0,"12":1,"13":1},"f":{"0":12,"1":12,"2":6,"3":51,"4":12,"5":0,"6":5,"7":0,"8":1},"b":{"0":[17,34],"1":[0,0]}}
,"F:\\project\\tests\\pizza-vue\\src\\components\\Logo\\Logo.vue": {"path":"F:\\project\\tests\\pizza-vue\\src\\components\\Logo\\Logo.vue","statementMap":{"0":{"start":{"line":2,"column":0},"end":{"line":2,"column":null}},"1":{"start":{"line":3,"column":0},"end":{"line":3,"column":null}},"2":{"start":{"line":16,"column":0},"end":{"line":16,"column":null}},"3":{"start":{"line":23,"column":0},"end":{"line":23,"column":null}}},"fnMap":{"0":{"name":"(anonymous_1)","decl":{"start":{"line":15,"column":0},"end":{"line":15,"column":null}},"loc":{"start":{"line":15,"column":0},"end":{"line":19,"column":null}}},"1":{"name":"(anonymous_2)","decl":{"start":{"line":22,"column":0},"end":{"line":22,"column":null}},"loc":{"start":{"line":22,"column":0},"end":{"line":24,"column":null}}}},"branchMap":{},"s":{"0":9,"1":9,"2":5,"3":5},"f":{"0":5,"1":5},"b":{}}
,"F:\\project\\tests\\pizza-vue\\src\\components\\ShopCart\\ShopCart.vue": {"path":"F:\\project\\tests\\pizza-vue\\src\\components\\ShopCart\\ShopCart.vue","statementMap":{"0":{"start":{"line":2,"column":0},"end":{"line":2,"column":null}},"1":{"start":{"line":3,"column":0},"end":{"line":3,"column":null}},"2":{"start":{"line":5,"column":0},"end":{"line":5,"column":null}},"3":{"start":{"line":17,"column":0},"end":{"line":17,"column":null}},"4":{"start":{"line":36,"column":0},"end":{"line":36,"column":null}},"5":{"start":{"line":40,"column":0},"end":{"line":40,"column":null}},"6":{"start":{"line":46,"column":0},"end":{"line":46,"column":null}},"7":{"start":{"line":59,"column":0},"end":{"line":59,"column":null}},"8":{"start":{"line":66,"column":0},"end":{"line":66,"column":null}},"9":{"start":{"line":72,"column":0},"end":{"line":72,"column":null}},"10":{"start":{"line":73,"column":0},"end":{"line":73,"column":null}},"11":{"start":{"line":81,"column":0},"end":{"line":81,"column":null}},"12":{"start":{"line":85,"column":0},"end":{"line":85,"column":null}},"13":{"start":{"line":89,"column":0},"end":{"line":89,"column":null}},"14":{"start":{"line":93,"column":0},"end":{"line":93,"column":null}}},"fnMap":{"0":{"name":"(anonymous_1)","decl":{"start":{"line":17,"column":0},"end":{"line":17,"column":null}},"loc":{"start":{"line":17,"column":0},"end":{"line":17,"column":null}}},"1":{"name":"(anonymous_2)","decl":{"start":{"line":35,"column":0},"end":{"line":35,"column":null}},"loc":{"start":{"line":35,"column":0},"end":{"line":37,"column":null}}},"2":{"name":"(anonymous_3)","decl":{"start":{"line":39,"column":0},"end":{"line":39,"column":null}},"loc":{"start":{"line":39,"column":0},"end":{"line":44,"column":null}}},"3":{"name":"(anonymous_4)","decl":{"start":{"line":40,"column":0},"end":{"line":40,"column":null}},"loc":{"start":{"line":40,"column":0},"end":{"line":40,"column":null}}},"4":{"name":"(anonymous_5)","decl":{"start":{"line":45,"column":0},"end":{"line":45,"column":null}},"loc":{"start":{"line":45,"column":0},"end":{"line":47,"column":null}}},"5":{"name":"(anonymous_6)","decl":{"start":{"line":57,"column":0},"end":{"line":57,"column":null}},"loc":{"start":{"line":57,"column":0},"end":{"line":78,"column":null}}},"6":{"name":"(anonymous_7)","decl":{"start":{"line":65,"column":0},"end":{"line":65,"column":null}},"loc":{"start":{"line":65,"column":0},"end":{"line":67,"column":null}}},"7":{"name":"(anonymous_8)","decl":{"start":{"line":71,"column":0},"end":{"line":71,"column":null}},"loc":{"start":{"line":71,"column":0},"end":{"line":74,"column":null}}},"8":{"name":"(anonymous_9)","decl":{"start":{"line":80,"column":0},"end":{"line":80,"column":null}},"loc":{"start":{"line":80,"column":0},"end":{"line":86,"column":null}}},"9":{"name":"(anonymous_10)","decl":{"start":{"line":88,"column":0},"end":{"line":88,"column":null}},"loc":{"start":{"line":88,"column":0},"end":{"line":94,"column":null}}}},"branchMap":{"0":{"loc":{"start":{"line":40,"column":0},"end":{"line":40,"column":null}},"type":"cond-expr","locations":[{"start":{"line":40,"column":0},"end":{"line":40,"column":null}},{"start":{"line":40,"column":0},"end":{"line":40,"column":null}}]}},"s":{"0":9,"1":9,"2":9,"3":0,"4":23,"5":46,"6":23,"7":3,"8":1,"9":2,"10":2,"11":2,"12":2,"13":2,"14":2},"f":{"0":0,"1":23,"2":23,"3":23,"4":23,"5":3,"6":1,"7":2,"8":2,"9":2},"b":{"0":[23,0]}}
,"F:\\project\\tests\\pizza-vue\\src\\func\\getCartData.js": {"path":"F:\\project\\tests\\pizza-vue\\src\\func\\getCartData.js","statementMap":{"0":{"start":{"line":8,"column":9},"end":{"line":8,"column":13}},"1":{"start":{"line":10,"column":4},"end":{"line":10,"column":55}},"2":{"start":{"line":14,"column":15},"end":{"line":14,"column":32}},"3":{"start":{"line":15,"column":18},"end":{"line":15,"column":29}},"4":{"start":{"line":16,"column":16},"end":{"line":16,"column":30}},"5":{"start":{"line":18,"column":4},"end":{"line":37,"column":7}},"6":{"start":{"line":22,"column":27},"end":{"line":22,"column":73}},"7":{"start":{"line":23,"column":23},"end":{"line":23,"column":46}},"8":{"start":{"line":28,"column":6},"end":{"line":36,"column":8}},"9":{"start":{"line":42,"column":4},"end":{"line":42,"column":51}},"10":{"start":{"line":46,"column":19},"end":{"line":48,"column":6}},"11":{"start":{"line":47,"column":6},"end":{"line":47,"column":28}},"12":{"start":{"line":49,"column":4},"end":{"line":49,"column":37}},"13":{"start":{"line":53,"column":4},"end":{"line":53,"column":56}},"14":{"start":{"line":53,"column":36},"end":{"line":53,"column":51}},"15":{"start":{"line":57,"column":16},"end":{"line":57,"column":32}},"16":{"start":{"line":58,"column":4},"end":{"line":63,"column":7}},"17":{"start":{"line":67,"column":20},"end":{"line":71,"column":1}},"18":{"start":{"line":68,"column":18},"end":{"line":68,"column":43}},"19":{"start":{"line":70,"column":2},"end":{"line":70,"column":17}}},"fnMap":{"0":{"name":"(anonymous_0)","decl":{"start":{"line":9,"column":2},"end":{"line":9,"column":3}},"loc":{"start":{"line":9,"column":31},"end":{"line":11,"column":3}},"line":9},"1":{"name":"(anonymous_1)","decl":{"start":{"line":13,"column":2},"end":{"line":13,"column":3}},"loc":{"start":{"line":13,"column":14},"end":{"line":38,"column":3}},"line":13},"2":{"name":"(anonymous_2)","decl":{"start":{"line":18,"column":37},"end":{"line":18,"column":38}},"loc":{"start":{"line":18,"column":46},"end":{"line":37,"column":5}},"line":18},"3":{"name":"(anonymous_3)","decl":{"start":{"line":41,"column":2},"end":{"line":41,"column":3}},"loc":{"start":{"line":41,"column":20},"end":{"line":43,"column":3}},"line":41},"4":{"name":"(anonymous_4)","decl":{"start":{"line":45,"column":2},"end":{"line":45,"column":3}},"loc":{"start":{"line":45,"column":20},"end":{"line":50,"column":3}},"line":45},"5":{"name":"(anonymous_5)","decl":{"start":{"line":46,"column":40},"end":{"line":46,"column":41}},"loc":{"start":{"line":46,"column":47},"end":{"line":48,"column":5}},"line":46},"6":{"name":"(anonymous_6)","decl":{"start":{"line":52,"column":2},"end":{"line":52,"column":3}},"loc":{"start":{"line":52,"column":27},"end":{"line":54,"column":3}},"line":52},"7":{"name":"(anonymous_7)","decl":{"start":{"line":53,"column":22},"end":{"line":53,"column":23}},"loc":{"start":{"line":53,"column":36},"end":{"line":53,"column":51}},"line":53},"8":{"name":"(anonymous_8)","decl":{"start":{"line":56,"column":2},"end":{"line":56,"column":3}},"loc":{"start":{"line":56,"column":22},"end":{"line":64,"column":3}},"line":56},"9":{"name":"(anonymous_9)","decl":{"start":{"line":67,"column":20},"end":{"line":67,"column":21}},"loc":{"start":{"line":67,"column":46},"end":{"line":71,"column":1}},"line":67}},"branchMap":{"0":{"loc":{"start":{"line":22,"column":27},"end":{"line":22,"column":73}},"type":"cond-expr","locations":[{"start":{"line":22,"column":40},"end":{"line":22,"column":45}},{"start":{"line":22,"column":48},"end":{"line":22,"column":73}}],"line":22}},"s":{"0":22,"1":22,"2":7,"3":7,"4":7,"5":7,"6":7,"7":7,"8":7,"9":24,"10":9,"11":9,"12":9,"13":19,"14":21,"15":7,"16":7,"17":7,"18":22,"19":22},"f":{"0":22,"1":7,"2":7,"3":24,"4":9,"5":9,"6":19,"7":21,"8":7,"9":22},"b":{"0":[7,0]},"_coverageSchema":"43e27e138ebf9cfc5966b082cf9a028302ed4184","hash":"798dc8bd528559475a68efc3abc766e680a4edd9"}
,"F:\\project\\tests\\pizza-vue\\src\\router\\index.js": {"path":"F:\\project\\tests\\pizza-vue\\src\\router\\index.js","statementMap":{"0":{"start":{"line":6,"column":0},"end":{"line":6,"column":19}},"1":{"start":{"line":8,"column":15},"end":{"line":19,"column":1}},"2":{"start":{"line":21,"column":15},"end":{"line":26,"column":2}}},"fnMap":{},"branchMap":{},"s":{"0":4,"1":4,"2":4},"f":{},"b":{},"_coverageSchema":"43e27e138ebf9cfc5966b082cf9a028302ed4184","hash":"cf6816ec82750bb4a26ee34846e02715bb255571"}
,"F:\\project\\tests\\pizza-vue\\src\\store\\mutation-types.js": {"path":"F:\\project\\tests\\pizza-vue\\src\\store\\mutation-types.js","statementMap":{"0":{"start":{"line":2,"column":29},"end":{"line":2,"column":44}},"1":{"start":{"line":3,"column":26},"end":{"line":3,"column":38}},"2":{"start":{"line":5,"column":28},"end":{"line":5,"column":42}},"3":{"start":{"line":6,"column":34},"end":{"line":6,"column":54}},"4":{"start":{"line":8,"column":30},"end":{"line":8,"column":46}},"5":{"start":{"line":9,"column":36},"end":{"line":9,"column":58}},"6":{"start":{"line":11,"column":33},"end":{"line":11,"column":52}},"7":{"start":{"line":12,"column":39},"end":{"line":12,"column":64}},"8":{"start":{"line":14,"column":32},"end":{"line":14,"column":50}},"9":{"start":{"line":15,"column":38},"end":{"line":15,"column":62}},"10":{"start":{"line":17,"column":30},"end":{"line":17,"column":46}},"11":{"start":{"line":18,"column":42},"end":{"line":18,"column":70}},"12":{"start":{"line":20,"column":31},"end":{"line":20,"column":48}},"13":{"start":{"line":21,"column":43},"end":{"line":21,"column":72}}},"fnMap":{},"branchMap":{},"s":{"0":8,"1":8,"2":8,"3":8,"4":8,"5":8,"6":8,"7":8,"8":8,"9":8,"10":8,"11":8,"12":8,"13":8},"f":{},"b":{},"_coverageSchema":"43e27e138ebf9cfc5966b082cf9a028302ed4184","hash":"7861501de82b46e2c373c1b70696bbcf7bbe25f2"}
,"F:\\project\\tests\\pizza-vue\\src\\store\\modules\\cart\\cart.js": {"path":"F:\\project\\tests\\pizza-vue\\src\\store\\modules\\cart\\cart.js","statementMap":{"0":{"start":{"line":13,"column":6},"end":{"line":13,"column":45}},"1":{"start":{"line":14,"column":6},"end":{"line":14,"column":60}},"2":{"start":{"line":15,"column":6},"end":{"line":15,"column":44}},"3":{"start":{"line":16,"column":6},"end":{"line":16,"column":31}},"4":{"start":{"line":19,"column":6},"end":{"line":19,"column":38}},"5":{"start":{"line":26,"column":6},"end":{"line":33,"column":7}},"6":{"start":{"line":28,"column":24},"end":{"line":28,"column":52}},"7":{"start":{"line":30,"column":8},"end":{"line":30,"column":56}},"8":{"start":{"line":32,"column":8},"end":{"line":32,"column":44}},"9":{"start":{"line":37,"column":33},"end":{"line":37,"column":43}},"10":{"start":{"line":39,"column":37},"end":{"line":41,"column":5}},"11":{"start":{"line":40,"column":6},"end":{"line":40,"column":52}},"12":{"start":{"line":43,"column":58},"end":{"line":45,"column":5}},"13":{"start":{"line":44,"column":6},"end":{"line":44,"column":59}},"14":{"start":{"line":47,"column":6},"end":{"line":49,"column":8}},"15":{"start":{"line":48,"column":8},"end":{"line":48,"column":31}},"16":{"start":{"line":50,"column":40},"end":{"line":50,"column":71}},"17":{"start":{"line":51,"column":39},"end":{"line":51,"column":49}},"18":{"start":{"line":52,"column":44},"end":{"line":52,"column":59}}},"fnMap":{"0":{"name":"(anonymous_0)","decl":{"start":{"line":12,"column":4},"end":{"line":12,"column":5}},"loc":{"start":{"line":12,"column":37},"end":{"line":17,"column":5}},"line":12},"1":{"name":"(anonymous_1)","decl":{"start":{"line":18,"column":4},"end":{"line":18,"column":5}},"loc":{"start":{"line":18,"column":41},"end":{"line":20,"column":5}},"line":18},"2":{"name":"(anonymous_2)","decl":{"start":{"line":25,"column":4},"end":{"line":25,"column":5}},"loc":{"start":{"line":25,"column":48},"end":{"line":34,"column":5}},"line":25},"3":{"name":"(anonymous_3)","decl":{"start":{"line":37,"column":13},"end":{"line":37,"column":14}},"loc":{"start":{"line":37,"column":33},"end":{"line":37,"column":43}},"line":37},"4":{"name":"(anonymous_4)","decl":{"start":{"line":39,"column":17},"end":{"line":39,"column":18}},"loc":{"start":{"line":39,"column":37},"end":{"line":41,"column":5}},"line":39},"5":{"name":"(anonymous_5)","decl":{"start":{"line":39,"column":37},"end":{"line":39,"column":38}},"loc":{"start":{"line":39,"column":43},"end":{"line":41,"column":5}},"line":39},"6":{"name":"(anonymous_6)","decl":{"start":{"line":43,"column":21},"end":{"line":43,"column":22}},"loc":{"start":{"line":43,"column":58},"end":{"line":45,"column":5}},"line":43},"7":{"name":"(anonymous_7)","decl":{"start":{"line":43,"column":58},"end":{"line":43,"column":59}},"loc":{"start":{"line":43,"column":72},"end":{"line":45,"column":5}},"line":43},"8":{"name":"(anonymous_8)","decl":{"start":{"line":46,"column":18},"end":{"line":46,"column":19}},"loc":{"start":{"line":47,"column":6},"end":{"line":49,"column":8}},"line":47},"9":{"name":"(anonymous_9)","decl":{"start":{"line":47,"column":34},"end":{"line":47,"column":35}},"loc":{"start":{"line":47,"column":41},"end":{"line":49,"column":7}},"line":47},"10":{"name":"(anonymous_10)","decl":{"start":{"line":50,"column":19},"end":{"line":50,"column":20}},"loc":{"start":{"line":50,"column":40},"end":{"line":50,"column":71}},"line":50},"11":{"name":"(anonymous_11)","decl":{"start":{"line":51,"column":19},"end":{"line":51,"column":20}},"loc":{"start":{"line":51,"column":39},"end":{"line":51,"column":49}},"line":51},"12":{"name":"(anonymous_12)","decl":{"start":{"line":52,"column":19},"end":{"line":52,"column":20}},"loc":{"start":{"line":52,"column":44},"end":{"line":52,"column":59}},"line":52}},"branchMap":{"0":{"loc":{"start":{"line":40,"column":13},"end":{"line":40,"column":51}},"type":"cond-expr","locations":[{"start":{"line":40,"column":30},"end":{"line":40,"column":44}},{"start":{"line":40,"column":47},"end":{"line":40,"column":51}}],"line":40},"1":{"loc":{"start":{"line":44,"column":13},"end":{"line":44,"column":58}},"type":"cond-expr","locations":[{"start":{"line":44,"column":31},"end":{"line":44,"column":51}},{"start":{"line":44,"column":54},"end":{"line":44,"column":58}}],"line":44},"2":{"loc":{"start":{"line":50,"column":40},"end":{"line":50,"column":71}},"type":"cond-expr","locations":[{"start":{"line":50,"column":59},"end":{"line":50,"column":64}},{"start":{"line":50,"column":67},"end":{"line":50,"column":71}}],"line":50}},"s":{"0":5,"1":5,"2":5,"3":5,"4":0,"5":5,"6":5,"7":5,"8":0,"9":0,"10":3,"11":16,"12":2,"13":14,"14":1,"15":1,"16":2,"17":2,"18":2},"f":{"0":5,"1":0,"2":5,"3":0,"4":3,"5":16,"6":2,"7":14,"8":1,"9":1,"10":2,"11":2,"12":2},"b":{"0":[2,14],"1":[1,13],"2":[1,1]},"_coverageSchema":"43e27e138ebf9cfc5966b082cf9a028302ed4184","hash":"f409c700a8d8d7fdef92a270c94e0d832af511b4"}
,"F:\\project\\tests\\pizza-vue\\src\\store\\modules\\cart\\basket\\action.js": {"path":"F:\\project\\tests\\pizza-vue\\src\\store\\modules\\cart\\basket\\action.js","statementMap":{"0":{"start":{"line":3,"column":22},"end":{"line":3,"column":35}},"1":{"start":{"line":9,"column":6},"end":{"line":15,"column":7}},"2":{"start":{"line":11,"column":8},"end":{"line":11,"column":52}},"3":{"start":{"line":13,"column":22},"end":{"line":13,"column":85}},"4":{"start":{"line":14,"column":8},"end":{"line":14,"column":49}},"5":{"start":{"line":19,"column":6},"end":{"line":42,"column":7}},"6":{"start":{"line":21,"column":27},"end":{"line":33,"column":10}},"7":{"start":{"line":23,"column":27},"end":{"line":23,"column":57}},"8":{"start":{"line":25,"column":10},"end":{"line":25,"column":48}},"9":{"start":{"line":28,"column":10},"end":{"line":31,"column":12}},"10":{"start":{"line":32,"column":10},"end":{"line":32,"column":56}},"11":{"start":{"line":35,"column":8},"end":{"line":38,"column":11}},"12":{"start":{"line":40,"column":22},"end":{"line":40,"column":84}},"13":{"start":{"line":41,"column":8},"end":{"line":41,"column":48}},"14":{"start":{"line":46,"column":6},"end":{"line":74,"column":7}},"15":{"start":{"line":48,"column":24},"end":{"line":59,"column":10}},"16":{"start":{"line":50,"column":27},"end":{"line":50,"column":44}},"17":{"start":{"line":52,"column":32},"end":{"line":52,"column":57}},"18":{"start":{"line":54,"column":25},"end":{"line":54,"column":75}},"19":{"start":{"line":57,"column":10},"end":{"line":57,"column":77}},"20":{"start":{"line":58,"column":10},"end":{"line":58,"column":34}},"21":{"start":{"line":61,"column":32},"end":{"line":61,"column":67}},"22":{"start":{"line":63,"column":8},"end":{"line":70,"column":11}},"23":{"start":{"line":72,"column":22},"end":{"line":72,"column":71}},"24":{"start":{"line":73,"column":8},"end":{"line":73,"column":52}},"25":{"start":{"line":77,"column":6},"end":{"line":99,"column":7}},"26":{"start":{"line":78,"column":27},"end":{"line":89,"column":10}},"27":{"start":{"line":79,"column":27},"end":{"line":79,"column":44}},"28":{"start":{"line":80,"column":10},"end":{"line":88,"column":11}},"29":{"start":{"line":81,"column":12},"end":{"line":81,"column":33}},"30":{"start":{"line":82,"column":12},"end":{"line":85,"column":14}},"31":{"start":{"line":87,"column":12},"end":{"line":87,"column":32}},"32":{"start":{"line":90,"column":32},"end":{"line":90,"column":70}},"33":{"start":{"line":91,"column":8},"end":{"line":95,"column":11}},"34":{"start":{"line":97,"column":22},"end":{"line":97,"column":72}},"35":{"start":{"line":98,"column":8},"end":{"line":98,"column":47}}},"fnMap":{"0":{"name":"(anonymous_0)","decl":{"start":{"line":8,"column":4},"end":{"line":8,"column":5}},"loc":{"start":{"line":8,"column":44},"end":{"line":16,"column":5}},"line":8},"1":{"name":"(anonymous_1)","decl":{"start":{"line":18,"column":4},"end":{"line":18,"column":5}},"loc":{"start":{"line":18,"column":57},"end":{"line":43,"column":5}},"line":18},"2":{"name":"(anonymous_2)","decl":{"start":{"line":21,"column":51},"end":{"line":21,"column":52}},"loc":{"start":{"line":21,"column":60},"end":{"line":33,"column":9}},"line":21},"3":{"name":"(anonymous_3)","decl":{"start":{"line":45,"column":4},"end":{"line":45,"column":5}},"loc":{"start":{"line":45,"column":58},"end":{"line":75,"column":5}},"line":45},"4":{"name":"(anonymous_4)","decl":{"start":{"line":48,"column":59},"end":{"line":48,"column":60}},"loc":{"start":{"line":48,"column":68},"end":{"line":59,"column":9}},"line":48},"5":{"name":"(anonymous_5)","decl":{"start":{"line":76,"column":4},"end":{"line":76,"column":5}},"loc":{"start":{"line":76,"column":59},"end":{"line":100,"column":5}},"line":76},"6":{"name":"(anonymous_6)","decl":{"start":{"line":78,"column":62},"end":{"line":78,"column":63}},"loc":{"start":{"line":78,"column":71},"end":{"line":89,"column":9}},"line":78}},"branchMap":{"0":{"loc":{"start":{"line":80,"column":10},"end":{"line":88,"column":11}},"type":"if","locations":[{"start":{"line":80,"column":10},"end":{"line":88,"column":11}},{"start":{"line":80,"column":10},"end":{"line":88,"column":11}}],"line":80}},"s":{"0":6,"1":2,"2":2,"3":1,"4":1,"5":2,"6":2,"7":1,"8":1,"9":1,"10":1,"11":1,"12":1,"13":1,"14":2,"15":2,"16":2,"17":2,"18":1,"19":1,"20":1,"21":1,"22":1,"23":1,"24":1,"25":2,"26":2,"27":2,"28":2,"29":1,"30":1,"31":0,"32":1,"33":1,"34":1,"35":1},"f":{"0":2,"1":2,"2":1,"3":2,"4":2,"5":2,"6":2},"b":{"0":[1,0]},"_coverageSchema":"43e27e138ebf9cfc5966b082cf9a028302ed4184","hash":"a27d0790d098515c3fe90eb39be8175e26b9cf71"}
,"F:\\project\\tests\\pizza-vue\\src\\store\\modules\\cart\\basket\\index.js": {"path":"F:\\project\\tests\\pizza-vue\\src\\store\\modules\\cart\\basket\\index.js","statementMap":{"0":{"start":{"line":4,"column":22},"end":{"line":4,"column":35}},"1":{"start":{"line":15,"column":6},"end":{"line":21,"column":8}},"2":{"start":{"line":16,"column":29},"end":{"line":16,"column":65}},"3":{"start":{"line":17,"column":8},"end":{"line":20,"column":10}}},"fnMap":{"0":{"name":"(anonymous_0)","decl":{"start":{"line":14,"column":24},"end":{"line":14,"column":25}},"loc":{"start":{"line":14,"column":30},"end":{"line":22,"column":5}},"line":14},"1":{"name":"(anonymous_1)","decl":{"start":{"line":15,"column":13},"end":{"line":15,"column":14}},"loc":{"start":{"line":15,"column":25},"end":{"line":21,"column":7}},"line":15}},"branchMap":{},"s":{"0":5,"1":1,"2":1,"3":1},"f":{"0":1,"1":1},"b":{},"_coverageSchema":"43e27e138ebf9cfc5966b082cf9a028302ed4184","hash":"bffd9cc76438bb2a01804781d3d14160bf77718d"}
,"F:\\project\\tests\\pizza-vue\\src\\store\\modules\\cart\\basket\\mutation.js": {"path":"F:\\project\\tests\\pizza-vue\\src\\store\\modules\\cart\\basket\\mutation.js","statementMap":{"0":{"start":{"line":14,"column":17},"end":{"line":14,"column":24}},"1":{"start":{"line":15,"column":6},"end":{"line":15,"column":25}},"2":{"start":{"line":16,"column":6},"end":{"line":16,"column":29}},"3":{"start":{"line":17,"column":6},"end":{"line":17,"column":24}},"4":{"start":{"line":18,"column":6},"end":{"line":18,"column":29}},"5":{"start":{"line":21,"column":6},"end":{"line":21,"column":31}},"6":{"start":{"line":24,"column":17},"end":{"line":24,"column":34}},"7":{"start":{"line":25,"column":22},"end":{"line":25,"column":40}},"8":{"start":{"line":27,"column":6},"end":{"line":27,"column":41}},"9":{"start":{"line":28,"column":6},"end":{"line":28,"column":52}},"10":{"start":{"line":29,"column":6},"end":{"line":29,"column":42}},"11":{"start":{"line":32,"column":6},"end":{"line":32,"column":30}},"12":{"start":{"line":35,"column":17},"end":{"line":35,"column":34}},"13":{"start":{"line":36,"column":22},"end":{"line":36,"column":37}},"14":{"start":{"line":37,"column":27},"end":{"line":37,"column":50}},"15":{"start":{"line":39,"column":6},"end":{"line":39,"column":30}},"16":{"start":{"line":40,"column":6},"end":{"line":40,"column":56}},"17":{"start":{"line":41,"column":6},"end":{"line":41,"column":46}},"18":{"start":{"line":44,"column":6},"end":{"line":44,"column":34}},"19":{"start":{"line":48,"column":17},"end":{"line":48,"column":34}},"20":{"start":{"line":49,"column":22},"end":{"line":49,"column":40}},"21":{"start":{"line":50,"column":27},"end":{"line":50,"column":50}},"22":{"start":{"line":52,"column":6},"end":{"line":52,"column":30}},"23":{"start":{"line":53,"column":6},"end":{"line":53,"column":56}},"24":{"start":{"line":54,"column":6},"end":{"line":54,"column":46}},"25":{"start":{"line":57,"column":6},"end":{"line":57,"column":34}}},"fnMap":{"0":{"name":"(anonymous_0)","decl":{"start":{"line":13,"column":4},"end":{"line":13,"column":5}},"loc":{"start":{"line":13,"column":40},"end":{"line":19,"column":5}},"line":13},"1":{"name":"(anonymous_1)","decl":{"start":{"line":20,"column":4},"end":{"line":20,"column":5}},"loc":{"start":{"line":20,"column":44},"end":{"line":22,"column":5}},"line":20},"2":{"name":"(anonymous_2)","decl":{"start":{"line":23,"column":4},"end":{"line":23,"column":5}},"loc":{"start":{"line":23,"column":39},"end":{"line":30,"column":5}},"line":23},"3":{"name":"(anonymous_3)","decl":{"start":{"line":31,"column":4},"end":{"line":31,"column":5}},"loc":{"start":{"line":31,"column":43},"end":{"line":33,"column":5}},"line":31},"4":{"name":"(anonymous_4)","decl":{"start":{"line":34,"column":4},"end":{"line":34,"column":5}},"loc":{"start":{"line":34,"column":37},"end":{"line":42,"column":5}},"line":34},"5":{"name":"(anonymous_5)","decl":{"start":{"line":43,"column":4},"end":{"line":43,"column":5}},"loc":{"start":{"line":43,"column":47},"end":{"line":45,"column":5}},"line":43},"6":{"name":"(anonymous_6)","decl":{"start":{"line":47,"column":4},"end":{"line":47,"column":5}},"loc":{"start":{"line":47,"column":38},"end":{"line":55,"column":5}},"line":47},"7":{"name":"(anonymous_7)","decl":{"start":{"line":56,"column":4},"end":{"line":56,"column":5}},"loc":{"start":{"line":56,"column":48},"end":{"line":58,"column":5}},"line":56}},"branchMap":{},"s":{"0":1,"1":1,"2":1,"3":1,"4":1,"5":0,"6":1,"7":1,"8":1,"9":1,"10":1,"11":0,"12":1,"13":1,"14":1,"15":1,"16":1,"17":1,"18":0,"19":1,"20":1,"21":1,"22":1,"23":1,"24":1,"25":0},"f":{"0":1,"1":0,"2":1,"3":0,"4":1,"5":0,"6":1,"7":0},"b":{},"_coverageSchema":"43e27e138ebf9cfc5966b082cf9a028302ed4184","hash":"d4d7f413d9876627e7c112db28cc12183d765ca8"}
,"F:\\project\\tests\\pizza-vue\\src\\store\\modules\\dropdown\\dropdown.js": {"path":"F:\\project\\tests\\pizza-vue\\src\\store\\modules\\dropdown\\dropdown.js","statementMap":{"0":{"start":{"line":19,"column":6},"end":{"line":19,"column":51}},"1":{"start":{"line":22,"column":6},"end":{"line":22,"column":48}},"2":{"start":{"line":23,"column":6},"end":{"line":23,"column":35}},"3":{"start":{"line":26,"column":6},"end":{"line":26,"column":35}},"4":{"start":{"line":31,"column":6},"end":{"line":31,"column":31}},"5":{"start":{"line":34,"column":6},"end":{"line":34,"column":36}},"6":{"start":{"line":37,"column":6},"end":{"line":37,"column":47}},"7":{"start":{"line":46,"column":6},"end":{"line":46,"column":69}}},"fnMap":{"0":{"name":"(anonymous_0)","decl":{"start":{"line":18,"column":4},"end":{"line":18,"column":5}},"loc":{"start":{"line":18,"column":26},"end":{"line":20,"column":5}},"line":18},"1":{"name":"(anonymous_1)","decl":{"start":{"line":21,"column":4},"end":{"line":21,"column":5}},"loc":{"start":{"line":21,"column":42},"end":{"line":24,"column":5}},"line":21},"2":{"name":"(anonymous_2)","decl":{"start":{"line":25,"column":4},"end":{"line":25,"column":5}},"loc":{"start":{"line":25,"column":31},"end":{"line":27,"column":5}},"line":25},"3":{"name":"(anonymous_3)","decl":{"start":{"line":30,"column":4},"end":{"line":30,"column":5}},"loc":{"start":{"line":30,"column":31},"end":{"line":32,"column":5}},"line":30},"4":{"name":"(anonymous_4)","decl":{"start":{"line":33,"column":4},"end":{"line":33,"column":5}},"loc":{"start":{"line":33,"column":37},"end":{"line":35,"column":5}},"line":33},"5":{"name":"(anonymous_5)","decl":{"start":{"line":36,"column":4},"end":{"line":36,"column":5}},"loc":{"start":{"line":36,"column":47},"end":{"line":38,"column":5}},"line":36},"6":{"name":"(anonymous_6)","decl":{"start":{"line":41,"column":22},"end":{"line":41,"column":23}},"loc":{"start":{"line":45,"column":10},"end":{"line":47,"column":5}},"line":45}},"branchMap":{},"s":{"0":8,"1":3,"2":3,"3":2,"4":6,"5":1,"6":2,"7":33},"f":{"0":8,"1":3,"2":2,"3":6,"4":1,"5":2,"6":33},"b":{},"_coverageSchema":"43e27e138ebf9cfc5966b082cf9a028302ed4184","hash":"ed25cd6b2f7803d0a4074676adacfcf19559a793"}
,"F:\\project\\tests\\pizza-vue\\src\\store\\modules\\product\\products.js": {"path":"F:\\project\\tests\\pizza-vue\\src\\store\\modules\\product\\products.js","statementMap":{"0":{"start":{"line":16,"column":6},"end":{"line":16,"column":32}},"1":{"start":{"line":19,"column":6},"end":{"line":19,"column":34}},"2":{"start":{"line":22,"column":6},"end":{"line":22,"column":35}},"3":{"start":{"line":25,"column":6},"end":{"line":25,"column":33}},"4":{"start":{"line":30,"column":6},"end":{"line":30,"column":30}},"5":{"start":{"line":31,"column":6},"end":{"line":46,"column":7}},"6":{"start":{"line":34,"column":30},"end":{"line":34,"column":56}},"7":{"start":{"line":35,"column":31},"end":{"line":35,"column":70}},"8":{"start":{"line":36,"column":25},"end":{"line":36,"column":73}},"9":{"start":{"line":38,"column":8},"end":{"line":38,"column":41}},"10":{"start":{"line":39,"column":8},"end":{"line":43,"column":9}},"11":{"start":{"line":40,"column":10},"end":{"line":40,"column":31}},"12":{"start":{"line":42,"column":10},"end":{"line":42,"column":34}},"13":{"start":{"line":45,"column":8},"end":{"line":45,"column":42}},"14":{"start":{"line":50,"column":32},"end":{"line":50,"column":40}},"15":{"start":{"line":51,"column":49},"end":{"line":51,"column":63}}},"fnMap":{"0":{"name":"(anonymous_0)","decl":{"start":{"line":15,"column":4},"end":{"line":15,"column":5}},"loc":{"start":{"line":15,"column":36},"end":{"line":17,"column":5}},"line":15},"1":{"name":"(anonymous_1)","decl":{"start":{"line":18,"column":4},"end":{"line":18,"column":5}},"loc":{"start":{"line":18,"column":24},"end":{"line":20,"column":5}},"line":18},"2":{"name":"(anonymous_2)","decl":{"start":{"line":21,"column":4},"end":{"line":21,"column":5}},"loc":{"start":{"line":21,"column":27},"end":{"line":23,"column":5}},"line":21},"3":{"name":"(anonymous_3)","decl":{"start":{"line":24,"column":4},"end":{"line":24,"column":5}},"loc":{"start":{"line":24,"column":39},"end":{"line":26,"column":5}},"line":24},"4":{"name":"(anonymous_4)","decl":{"start":{"line":29,"column":4},"end":{"line":29,"column":5}},"loc":{"start":{"line":29,"column":54},"end":{"line":47,"column":5}},"line":29},"5":{"name":"(anonymous_5)","decl":{"start":{"line":50,"column":14},"end":{"line":50,"column":15}},"loc":{"start":{"line":50,"column":32},"end":{"line":50,"column":40}},"line":50},"6":{"name":"(anonymous_6)","decl":{"start":{"line":51,"column":25},"end":{"line":51,"column":26}},"loc":{"start":{"line":51,"column":49},"end":{"line":51,"column":63}},"line":51}},"branchMap":{"0":{"loc":{"start":{"line":39,"column":8},"end":{"line":43,"column":9}},"type":"if","locations":[{"start":{"line":39,"column":8},"end":{"line":43,"column":9}},{"start":{"line":39,"column":8},"end":{"line":43,"column":9}}],"line":39}},"s":{"0":1,"1":1,"2":0,"3":0,"4":0,"5":0,"6":0,"7":0,"8":0,"9":0,"10":0,"11":0,"12":0,"13":0,"14":0,"15":0},"f":{"0":1,"1":1,"2":0,"3":0,"4":0,"5":0,"6":0},"b":{"0":[0,0]},"_coverageSchema":"43e27e138ebf9cfc5966b082cf9a028302ed4184","hash":"3c98f2c5eadf8e2fa6de27a0b785d966672ae3f5"}
,"F:\\project\\tests\\pizza-vue\\src\\store\\modules\\tags\\tags.js": {"path":"F:\\project\\tests\\pizza-vue\\src\\store\\modules\\tags\\tags.js","statementMap":{"0":{"start":{"line":15,"column":6},"end":{"line":15,"column":35}},"1":{"start":{"line":20,"column":6},"end":{"line":20,"column":43}},"2":{"start":{"line":24,"column":27},"end":{"line":24,"column":31}},"3":{"start":{"line":25,"column":41},"end":{"line":25,"column":52}}},"fnMap":{"0":{"name":"(anonymous_0)","decl":{"start":{"line":14,"column":4},"end":{"line":14,"column":5}},"loc":{"start":{"line":14,"column":38},"end":{"line":16,"column":5}},"line":14},"1":{"name":"(anonymous_1)","decl":{"start":{"line":19,"column":4},"end":{"line":19,"column":5}},"loc":{"start":{"line":19,"column":44},"end":{"line":21,"column":5}},"line":19},"2":{"name":"(anonymous_2)","decl":{"start":{"line":24,"column":13},"end":{"line":24,"column":14}},"loc":{"start":{"line":24,"column":27},"end":{"line":24,"column":31}},"line":24},"3":{"name":"(anonymous_3)","decl":{"start":{"line":25,"column":20},"end":{"line":25,"column":21}},"loc":{"start":{"line":25,"column":41},"end":{"line":25,"column":52}},"line":25}},"branchMap":{},"s":{"0":2,"1":1,"2":0,"3":0},"f":{"0":2,"1":1,"2":0,"3":0},"b":{},"_coverageSchema":"43e27e138ebf9cfc5966b082cf9a028302ed4184","hash":"1bcf7f61032119469fee4874c791bcc1a8a4a577"}
,"F:\\project\\tests\\pizza-vue\\src\\views\\Market.vue": {"path":"F:\\project\\tests\\pizza-vue\\src\\views\\Market.vue","statementMap":{"0":{"start":{"line":11,"column":0},"end":{"line":11,"column":null}},"1":{"start":{"line":16,"column":0},"end":{"line":16,"column":null}}},"fnMap":{"0":{"name":"(anonymous_1)","decl":{"start":{"line":15,"column":0},"end":{"line":15,"column":null}},"loc":{"start":{"line":15,"column":0},"end":{"line":20,"column":null}}}},"branchMap":{},"s":{"0":4,"1":0},"f":{"0":0},"b":{}}
,"F:\\project\\tests\\pizza-vue\\src\\views\\Basket\\Basket.vue": {"path":"F:\\project\\tests\\pizza-vue\\src\\views\\Basket\\Basket.vue","statementMap":{"0":{"start":{"line":10,"column":0},"end":{"line":10,"column":null}},"1":{"start":{"line":16,"column":0},"end":{"line":16,"column":null}}},"fnMap":{"0":{"name":"(anonymous_1)","decl":{"start":{"line":15,"column":0},"end":{"line":15,"column":null}},"loc":{"start":{"line":15,"column":0},"end":{"line":20,"column":null}}}},"branchMap":{},"s":{"0":4,"1":0},"f":{"0":0},"b":{}}
}
