{"total": {"lines":{"total":282,"covered":235,"skipped":0,"pct":83.33},"statements":{"total":283,"covered":236,"skipped":0,"pct":83.39},"functions":{"total":133,"covered":100,"skipped":0,"pct":75.19},"branches":{"total":41,"covered":25,"skipped":0,"pct":60.98}}
,"F:\\project\\tests\\pizza-vue\\src\\Layout\\index.js": {"lines":{"total":0,"covered":0,"skipped":0,"pct":100},"functions":{"total":0,"covered":0,"skipped":0,"pct":100},"statements":{"total":0,"covered":0,"skipped":0,"pct":100},"branches":{"total":0,"covered":0,"skipped":0,"pct":100}}
,"F:\\project\\tests\\pizza-vue\\src\\Layout\\style.js": {"lines":{"total":0,"covered":0,"skipped":0,"pct":100},"functions":{"total":0,"covered":0,"skipped":0,"pct":100},"statements":{"total":0,"covered":0,"skipped":0,"pct":100},"branches":{"total":0,"covered":0,"skipped":0,"pct":100}}
,"F:\\project\\tests\\pizza-vue\\src\\Layout\\TheBar\\LayoutTheBar.vue": {"lines":{"total":14,"covered":12,"skipped":0,"pct":85.71},"functions":{"total":8,"covered":6,"skipped":0,"pct":75},"statements":{"total":14,"covered":12,"skipped":0,"pct":85.71},"branches":{"total":2,"covered":2,"skipped":0,"pct":100}}
,"F:\\project\\tests\\pizza-vue\\src\\Layout\\TheBar\\TagGroupMobile\\TagGroupMobile.vue": {"lines":{"total":14,"covered":4,"skipped":0,"pct":28.57},"functions":{"total":9,"covered":0,"skipped":0,"pct":0},"statements":{"total":14,"covered":4,"skipped":0,"pct":28.57},"branches":{"total":2,"covered":0,"skipped":0,"pct":0}}
,"F:\\project\\tests\\pizza-vue\\src\\Layout\\TheGrid\\LayoutTheGrid.vue": {"lines":{"total":7,"covered":7,"skipped":0,"pct":100},"functions":{"total":4,"covered":4,"skipped":0,"pct":100},"statements":{"total":7,"covered":7,"skipped":0,"pct":100},"branches":{"total":2,"covered":1,"skipped":0,"pct":50}}
,"F:\\project\\tests\\pizza-vue\\src\\Layout\\TheHeader\\LayoutTheHeader.vue": {"lines":{"total":8,"covered":8,"skipped":0,"pct":100},"functions":{"total":3,"covered":3,"skipped":0,"pct":100},"statements":{"total":8,"covered":8,"skipped":0,"pct":100},"branches":{"total":0,"covered":0,"skipped":0,"pct":100}}
,"F:\\project\\tests\\pizza-vue\\src\\Layout\\TheShopList\\LayoutTheShopList.vue": {"lines":{"total":13,"covered":12,"skipped":0,"pct":92.31},"functions":{"total":7,"covered":6,"skipped":0,"pct":85.71},"statements":{"total":13,"covered":12,"skipped":0,"pct":92.31},"branches":{"total":0,"covered":0,"skipped":0,"pct":100}}
,"F:\\project\\tests\\pizza-vue\\src\\Layout\\TheShopList\\LayoutTheShopListEmpty.vue": {"lines":{"total":5,"covered":3,"skipped":0,"pct":60},"functions":{"total":2,"covered":0,"skipped":0,"pct":0},"statements":{"total":5,"covered":3,"skipped":0,"pct":60},"branches":{"total":0,"covered":0,"skipped":0,"pct":100}}
,"F:\\project\\tests\\pizza-vue\\src\\api\\generic.api.js": {"lines":{"total":4,"covered":4,"skipped":0,"pct":100},"functions":{"total":1,"covered":1,"skipped":0,"pct":100},"statements":{"total":4,"covered":4,"skipped":0,"pct":100},"branches":{"total":1,"covered":1,"skipped":0,"pct":100}}
,"F:\\project\\tests\\pizza-vue\\src\\api\\products.api.js": {"lines":{"total":2,"covered":2,"skipped":0,"pct":100},"functions":{"total":1,"covered":1,"skipped":0,"pct":100},"statements":{"total":2,"covered":2,"skipped":0,"pct":100},"branches":{"total":2,"covered":1,"skipped":0,"pct":50}}
,"F:\\project\\tests\\pizza-vue\\src\\assets\\index.js": {"lines":{"total":0,"covered":0,"skipped":0,"pct":100},"functions":{"total":0,"covered":0,"skipped":0,"pct":100},"statements":{"total":0,"covered":0,"skipped":0,"pct":100},"branches":{"total":0,"covered":0,"skipped":0,"pct":100}}
,"F:\\project\\tests\\pizza-vue\\src\\assets\\img\\arrow-top.svg": {"lines":{"total":1,"covered":1,"skipped":0,"pct":100},"functions":{"total":0,"covered":0,"skipped":0,"pct":100},"statements":{"total":1,"covered":1,"skipped":0,"pct":100},"branches":{"total":0,"covered":0,"skipped":0,"pct":100}}
,"F:\\project\\tests\\pizza-vue\\src\\assets\\img\\empty-cart.png": {"lines":{"total":1,"covered":1,"skipped":0,"pct":100},"functions":{"total":0,"covered":0,"skipped":0,"pct":100},"statements":{"total":1,"covered":1,"skipped":0,"pct":100},"branches":{"total":0,"covered":0,"skipped":0,"pct":100}}
,"F:\\project\\tests\\pizza-vue\\src\\assets\\img\\grey-arrow-left.svg": {"lines":{"total":1,"covered":1,"skipped":0,"pct":100},"functions":{"total":0,"covered":0,"skipped":0,"pct":100},"statements":{"total":1,"covered":1,"skipped":0,"pct":100},"branches":{"total":0,"covered":0,"skipped":0,"pct":100}}
,"F:\\project\\tests\\pizza-vue\\src\\assets\\img\\iconfinder.svg": {"lines":{"total":1,"covered":1,"skipped":0,"pct":100},"functions":{"total":0,"covered":0,"skipped":0,"pct":100},"statements":{"total":1,"covered":1,"skipped":0,"pct":100},"branches":{"total":0,"covered":0,"skipped":0,"pct":100}}
,"F:\\project\\tests\\pizza-vue\\src\\assets\\img\\pizza-logo.svg": {"lines":{"total":1,"covered":1,"skipped":0,"pct":100},"functions":{"total":0,"covered":0,"skipped":0,"pct":100},"statements":{"total":1,"covered":1,"skipped":0,"pct":100},"branches":{"total":0,"covered":0,"skipped":0,"pct":100}}
,"F:\\project\\tests\\pizza-vue\\src\\assets\\img\\pizza-small.svg": {"lines":{"total":1,"covered":1,"skipped":0,"pct":100},"functions":{"total":0,"covered":0,"skipped":0,"pct":100},"statements":{"total":1,"covered":1,"skipped":0,"pct":100},"branches":{"total":0,"covered":0,"skipped":0,"pct":100}}
,"F:\\project\\tests\\pizza-vue\\src\\assets\\img\\shopping-cart.svg": {"lines":{"total":1,"covered":1,"skipped":0,"pct":100},"functions":{"total":0,"covered":0,"skipped":0,"pct":100},"statements":{"total":1,"covered":1,"skipped":0,"pct":100},"branches":{"total":0,"covered":0,"skipped":0,"pct":100}}
,"F:\\project\\tests\\pizza-vue\\src\\assets\\img\\trash.svg": {"lines":{"total":1,"covered":1,"skipped":0,"pct":100},"functions":{"total":0,"covered":0,"skipped":0,"pct":100},"statements":{"total":1,"covered":1,"skipped":0,"pct":100},"branches":{"total":0,"covered":0,"skipped":0,"pct":100}}
,"F:\\project\\tests\\pizza-vue\\src\\components\\index.js": {"lines":{"total":0,"covered":0,"skipped":0,"pct":100},"functions":{"total":0,"covered":0,"skipped":0,"pct":100},"statements":{"total":0,"covered":0,"skipped":0,"pct":100},"branches":{"total":0,"covered":0,"skipped":0,"pct":100}}
,"F:\\project\\tests\\pizza-vue\\src\\components\\style.js": {"lines":{"total":0,"covered":0,"skipped":0,"pct":100},"functions":{"total":0,"covered":0,"skipped":0,"pct":100},"statements":{"total":0,"covered":0,"skipped":0,"pct":100},"branches":{"total":0,"covered":0,"skipped":0,"pct":100}}
,"F:\\project\\tests\\pizza-vue\\src\\components\\Button\\Button.vue": {"lines":{"total":3,"covered":3,"skipped":0,"pct":100},"functions":{"total":2,"covered":2,"skipped":0,"pct":100},"statements":{"total":3,"covered":3,"skipped":0,"pct":100},"branches":{"total":0,"covered":0,"skipped":0,"pct":100}}
,"F:\\project\\tests\\pizza-vue\\src\\components\\Card\\Card.vue": {"lines":{"total":18,"covered":17,"skipped":0,"pct":94.44},"functions":{"total":15,"covered":14,"skipped":0,"pct":93.33},"statements":{"total":18,"covered":17,"skipped":0,"pct":94.44},"branches":{"total":14,"covered":9,"skipped":0,"pct":64.29}}
,"F:\\project\\tests\\pizza-vue\\src\\components\\DropDown\\DropDown.vue": {"lines":{"total":14,"covered":10,"skipped":0,"pct":71.43},"functions":{"total":9,"covered":7,"skipped":0,"pct":77.78},"statements":{"total":14,"covered":10,"skipped":0,"pct":71.43},"branches":{"total":4,"covered":2,"skipped":0,"pct":50}}
,"F:\\project\\tests\\pizza-vue\\src\\components\\Logo\\Logo.vue": {"lines":{"total":4,"covered":4,"skipped":0,"pct":100},"functions":{"total":2,"covered":2,"skipped":0,"pct":100},"statements":{"total":4,"covered":4,"skipped":0,"pct":100},"branches":{"total":0,"covered":0,"skipped":0,"pct":100}}
,"F:\\project\\tests\\pizza-vue\\src\\components\\ShopCart\\ShopCart.vue": {"lines":{"total":15,"covered":14,"skipped":0,"pct":93.33},"functions":{"total":10,"covered":9,"skipped":0,"pct":90},"statements":{"total":15,"covered":14,"skipped":0,"pct":93.33},"branches":{"total":2,"covered":1,"skipped":0,"pct":50}}
,"F:\\project\\tests\\pizza-vue\\src\\func\\getCartData.js": {"lines":{"total":19,"covered":19,"skipped":0,"pct":100},"functions":{"total":10,"covered":10,"skipped":0,"pct":100},"statements":{"total":20,"covered":20,"skipped":0,"pct":100},"branches":{"total":2,"covered":1,"skipped":0,"pct":50}}
,"F:\\project\\tests\\pizza-vue\\src\\router\\index.js": {"lines":{"total":3,"covered":3,"skipped":0,"pct":100},"functions":{"total":0,"covered":0,"skipped":0,"pct":100},"statements":{"total":3,"covered":3,"skipped":0,"pct":100},"branches":{"total":0,"covered":0,"skipped":0,"pct":100}}
,"F:\\project\\tests\\pizza-vue\\src\\store\\mutation-types.js": {"lines":{"total":14,"covered":14,"skipped":0,"pct":100},"functions":{"total":0,"covered":0,"skipped":0,"pct":100},"statements":{"total":14,"covered":14,"skipped":0,"pct":100},"branches":{"total":0,"covered":0,"skipped":0,"pct":100}}
,"F:\\project\\tests\\pizza-vue\\src\\store\\modules\\cart\\cart.js": {"lines":{"total":19,"covered":16,"skipped":0,"pct":84.21},"functions":{"total":13,"covered":11,"skipped":0,"pct":84.62},"statements":{"total":19,"covered":16,"skipped":0,"pct":84.21},"branches":{"total":6,"covered":6,"skipped":0,"pct":100}}
,"F:\\project\\tests\\pizza-vue\\src\\store\\modules\\cart\\basket\\action.js": {"lines":{"total":36,"covered":35,"skipped":0,"pct":97.22},"functions":{"total":7,"covered":7,"skipped":0,"pct":100},"statements":{"total":36,"covered":35,"skipped":0,"pct":97.22},"branches":{"total":2,"covered":1,"skipped":0,"pct":50}}
,"F:\\project\\tests\\pizza-vue\\src\\store\\modules\\cart\\basket\\index.js": {"lines":{"total":4,"covered":4,"skipped":0,"pct":100},"functions":{"total":2,"covered":2,"skipped":0,"pct":100},"statements":{"total":4,"covered":4,"skipped":0,"pct":100},"branches":{"total":0,"covered":0,"skipped":0,"pct":100}}
,"F:\\project\\tests\\pizza-vue\\src\\store\\modules\\cart\\basket\\mutation.js": {"lines":{"total":26,"covered":22,"skipped":0,"pct":84.62},"functions":{"total":8,"covered":4,"skipped":0,"pct":50},"statements":{"total":26,"covered":22,"skipped":0,"pct":84.62},"branches":{"total":0,"covered":0,"skipped":0,"pct":100}}
,"F:\\project\\tests\\pizza-vue\\src\\store\\modules\\dropdown\\dropdown.js": {"lines":{"total":8,"covered":8,"skipped":0,"pct":100},"functions":{"total":7,"covered":7,"skipped":0,"pct":100},"statements":{"total":8,"covered":8,"skipped":0,"pct":100},"branches":{"total":0,"covered":0,"skipped":0,"pct":100}}
,"F:\\project\\tests\\pizza-vue\\src\\store\\modules\\product\\products.js": {"lines":{"total":16,"covered":2,"skipped":0,"pct":12.5},"functions":{"total":7,"covered":2,"skipped":0,"pct":28.57},"statements":{"total":16,"covered":2,"skipped":0,"pct":12.5},"branches":{"total":2,"covered":0,"skipped":0,"pct":0}}
,"F:\\project\\tests\\pizza-vue\\src\\store\\modules\\tags\\tags.js": {"lines":{"total":4,"covered":2,"skipped":0,"pct":50},"functions":{"total":4,"covered":2,"skipped":0,"pct":50},"statements":{"total":4,"covered":2,"skipped":0,"pct":50},"branches":{"total":0,"covered":0,"skipped":0,"pct":100}}
,"F:\\project\\tests\\pizza-vue\\src\\views\\Market.vue": {"lines":{"total":2,"covered":1,"skipped":0,"pct":50},"functions":{"total":1,"covered":0,"skipped":0,"pct":0},"statements":{"total":2,"covered":1,"skipped":0,"pct":50},"branches":{"total":0,"covered":0,"skipped":0,"pct":100}}
,"F:\\project\\tests\\pizza-vue\\src\\views\\Basket\\Basket.vue": {"lines":{"total":2,"covered":1,"skipped":0,"pct":50},"functions":{"total":1,"covered":0,"skipped":0,"pct":0},"statements":{"total":2,"covered":1,"skipped":0,"pct":50},"branches":{"total":0,"covered":0,"skipped":0,"pct":100}}
}
