TN:
SF:F:\project\tests\pizza-vue\src\Layout\index.js
FNF:0
FNH:0
LF:0
LH:0
BRF:0
BRH:0
end_of_record
TN:
SF:F:\project\tests\pizza-vue\src\Layout\style.js
FNF:0
FNH:0
LF:0
LH:0
BRF:0
BRH:0
end_of_record
TN:
SF:F:\project\tests\pizza-vue\src\Layout\TheBar\LayoutTheBar.vue
FN:13,(anonymous_1)
FN:21,(anonymous_2)
FN:25,(anonymous_3)
FN:29,(anonymous_4)
FN:39,(anonymous_5)
FN:40,(anonymous_6)
FN:52,(anonymous_7)
FN:59,(anonymous_8)
FNF:8
FNH:6
FNDA:6,(anonymous_1)
FNDA:6,(anonymous_2)
FNDA:6,(anonymous_3)
FNDA:0,(anonymous_4)
FNDA:6,(anonymous_5)
FNDA:36,(anonymous_6)
FNDA:1,(anonymous_7)
FNDA:0,(anonymous_8)
DA:2,5
DA:3,5
DA:4,5
DA:6,5
DA:8,5
DA:14,6
DA:22,6
DA:26,6
DA:30,0
DA:40,6
DA:41,36
DA:54,1
DA:56,1
DA:60,0
LF:14
LH:12
BRDA:41,0,0,6
BRDA:41,0,1,30
BRF:2
BRH:2
end_of_record
TN:
SF:F:\project\tests\pizza-vue\src\Layout\TheBar\TagGroupMobile\TagGroupMobile.vue
FN:24,(anonymous_1)
FN:31,(anonymous_2)
FN:35,(anonymous_3)
FN:39,(anonymous_4)
FN:43,(anonymous_5)
FN:44,(anonymous_6)
FN:55,(anonymous_7)
FN:60,(anonymous_8)
FN:64,(anonymous_9)
FNF:9
FNH:0
FNDA:0,(anonymous_1)
FNDA:0,(anonymous_2)
FNDA:0,(anonymous_3)
FNDA:0,(anonymous_4)
FNDA:0,(anonymous_5)
FNDA:0,(anonymous_6)
FNDA:0,(anonymous_7)
FNDA:0,(anonymous_8)
FNDA:0,(anonymous_9)
DA:2,5
DA:4,5
DA:5,5
DA:7,5
DA:25,0
DA:32,0
DA:36,0
DA:40,0
DA:44,0
DA:45,0
DA:56,0
DA:57,0
DA:61,0
DA:65,0
LF:14
LH:4
BRDA:45,0,0,0
BRDA:45,0,1,0
BRF:2
BRH:0
end_of_record
TN:
SF:F:\project\tests\pizza-vue\src\Layout\TheGrid\LayoutTheGrid.vue
FN:13,(anonymous_1)
FN:25,(anonymous_2)
FN:26,(anonymous_3)
FN:36,(anonymous_4)
FNF:4
FNH:4
FNDA:4,(anonymous_1)
FNDA:4,(anonymous_2)
FNDA:12,(anonymous_3)
FNDA:1,(anonymous_4)
DA:2,5
DA:3,5
DA:4,5
DA:6,5
DA:14,4
DA:26,16
DA:37,1
LF:7
LH:7
BRDA:26,0,0,0
BRDA:26,0,1,12
BRF:2
BRH:1
end_of_record
TN:
SF:F:\project\tests\pizza-vue\src\Layout\TheHeader\LayoutTheHeader.vue
FN:26,(anonymous_1)
FN:40,(anonymous_2)
FN:44,(anonymous_3)
FNF:3
FNH:3
FNDA:3,(anonymous_1)
FNDA:2,(anonymous_2)
FNDA:3,(anonymous_3)
DA:2,4
DA:3,4
DA:4,4
DA:6,4
DA:8,4
DA:27,3
DA:41,2
DA:45,3
LF:8
LH:8
BRF:0
BRH:0
end_of_record
TN:
SF:F:\project\tests\pizza-vue\src\Layout\TheShopList\LayoutTheShopList.vue
FN:17,(anonymous_1)
FN:27,(anonymous_2)
FN:45,(anonymous_3)
FN:53,(anonymous_4)
FN:59,(anonymous_5)
FN:68,(anonymous_6)
FN:76,(anonymous_7)
FNF:7
FNH:6
FNDA:8,(anonymous_1)
FNDA:8,(anonymous_2)
FNDA:1,(anonymous_3)
FNDA:0,(anonymous_4)
FNDA:1,(anonymous_5)
FNDA:1,(anonymous_6)
FNDA:1,(anonymous_7)
DA:3,4
DA:4,4
DA:6,4
DA:7,4
DA:8,4
DA:18,8
DA:28,8
DA:47,1
DA:54,0
DA:61,1
DA:69,1
DA:77,1
DA:79,1
LF:13
LH:12
BRF:0
BRH:0
end_of_record
TN:
SF:F:\project\tests\pizza-vue\src\Layout\TheShopList\LayoutTheShopListEmpty.vue
FN:12,(anonymous_1)
FN:19,(anonymous_2)
FNF:2
FNH:0
FNDA:0,(anonymous_1)
FNDA:0,(anonymous_2)
DA:2,4
DA:4,4
DA:5,4
DA:13,0
DA:20,0
LF:5
LH:3
BRF:0
BRH:0
end_of_record
TN:
SF:F:\project\tests\pizza-vue\src\api\generic.api.js
FN:10,(anonymous_0)
FNF:1
FNH:1
FNDA:2,(anonymous_0)
DA:5,3
DA:10,3
DA:11,2
DA:12,2
LF:4
LH:4
BRDA:10,0,0,2
BRF:1
BRH:1
end_of_record
TN:
SF:F:\project\tests\pizza-vue\src\api\products.api.js
FN:5,(anonymous_0)
FNF:1
FNH:1
FNDA:1,(anonymous_0)
DA:5,2
DA:6,1
LF:2
LH:2
BRDA:8,0,0,1
BRDA:8,0,1,0
BRF:2
BRH:1
end_of_record
TN:
SF:F:\project\tests\pizza-vue\src\assets\index.js
FNF:0
FNH:0
LF:0
LH:0
BRF:0
BRH:0
end_of_record
TN:
SF:F:\project\tests\pizza-vue\src\assets\img\arrow-top.svg
FNF:0
FNH:0
DA:1,9
LF:1
LH:1
BRF:0
BRH:0
end_of_record
TN:
SF:F:\project\tests\pizza-vue\src\assets\img\empty-cart.png
FNF:0
FNH:0
DA:1,9
LF:1
LH:1
BRF:0
BRH:0
end_of_record
TN:
SF:F:\project\tests\pizza-vue\src\assets\img\grey-arrow-left.svg
FNF:0
FNH:0
DA:1,9
LF:1
LH:1
BRF:0
BRH:0
end_of_record
TN:
SF:F:\project\tests\pizza-vue\src\assets\img\iconfinder.svg
FNF:0
FNH:0
DA:1,9
LF:1
LH:1
BRF:0
BRH:0
end_of_record
TN:
SF:F:\project\tests\pizza-vue\src\assets\img\pizza-logo.svg
FNF:0
FNH:0
DA:1,9
LF:1
LH:1
BRF:0
BRH:0
end_of_record
TN:
SF:F:\project\tests\pizza-vue\src\assets\img\pizza-small.svg
FNF:0
FNH:0
DA:1,9
LF:1
LH:1
BRF:0
BRH:0
end_of_record
TN:
SF:F:\project\tests\pizza-vue\src\assets\img\shopping-cart.svg
FNF:0
FNH:0
DA:1,9
LF:1
LH:1
BRF:0
BRH:0
end_of_record
TN:
SF:F:\project\tests\pizza-vue\src\assets\img\trash.svg
FNF:0
FNH:0
DA:1,9
LF:1
LH:1
BRF:0
BRH:0
end_of_record
TN:
SF:F:\project\tests\pizza-vue\src\components\index.js
FNF:0
FNH:0
LF:0
LH:0
BRF:0
BRH:0
end_of_record
TN:
SF:F:\project\tests\pizza-vue\src\components\style.js
FNF:0
FNH:0
LF:0
LH:0
BRF:0
BRH:0
end_of_record
TN:
SF:F:\project\tests\pizza-vue\src\components\Button\Button.vue
FN:15,(anonymous_1)
FN:22,(anonymous_2)
FNF:2
FNH:2
FNDA:216,(anonymous_1)
FNDA:12,(anonymous_2)
DA:2,9
DA:16,216
DA:23,12
LF:3
LH:3
BRF:0
BRH:0
end_of_record
TN:
SF:F:\project\tests\pizza-vue\src\components\Card\Card.vue
FN:27,(anonymous_1)
FN:36,(anonymous_2)
FN:59,(anonymous_3)
FN:63,(anonymous_4)
FN:67,(anonymous_5)
FN:78,(anonymous_6)
FN:79,(anonymous_7)
FN:83,(anonymous_8)
FN:84,(anonymous_9)
FN:88,(anonymous_10)
FN:89,(anonymous_11)
FN:93,(anonymous_12)
FN:99,(anonymous_13)
FN:103,(anonymous_14)
FN:109,(anonymous_15)
FNF:15
FNH:14
FNDA:0,(anonymous_1)
FNDA:18,(anonymous_2)
FNDA:18,(anonymous_3)
FNDA:18,(anonymous_4)
FNDA:1,(anonymous_5)
FNDA:18,(anonymous_6)
FNDA:100,(anonymous_7)
FNDA:18,(anonymous_8)
FNDA:100,(anonymous_9)
FNDA:18,(anonymous_10)
FNDA:20,(anonymous_11)
FNDA:18,(anonymous_12)
FNDA:1,(anonymous_13)
FNDA:1,(anonymous_14)
FNDA:19,(anonymous_15)
DA:2,9
DA:4,9
DA:5,9
DA:27,0
DA:37,18
DA:60,18
DA:64,18
DA:68,1
DA:79,118
DA:84,118
DA:89,38
DA:94,18
DA:100,1
DA:104,1
DA:110,19
DA:112,19
DA:114,19
DA:115,19
LF:18
LH:17
BRDA:38,0,0,18
BRDA:38,0,1,0
BRDA:39,1,0,18
BRDA:39,1,1,0
BRDA:79,2,0,40
BRDA:79,2,1,60
BRDA:84,3,0,26
BRDA:84,3,1,74
BRDA:89,4,0,0
BRDA:89,4,1,20
BRDA:114,5,0,0
BRDA:114,5,1,19
BRDA:115,6,0,0
BRDA:115,6,1,19
BRF:14
BRH:9
end_of_record
TN:
SF:F:\project\tests\pizza-vue\src\components\DropDown\DropDown.vue
FN:10,(anonymous_1)
FN:18,(anonymous_2)
FN:26,(anonymous_3)
FN:27,(anonymous_4)
FN:34,(anonymous_5)
FN:38,(anonymous_6)
FN:51,(anonymous_7)
FN:56,(anonymous_8)
FN:64,(anonymous_9)
FNF:9
FNH:7
FNDA:12,(anonymous_1)
FNDA:12,(anonymous_2)
FNDA:6,(anonymous_3)
FNDA:51,(anonymous_4)
FNDA:12,(anonymous_5)
FNDA:0,(anonymous_6)
FNDA:5,(anonymous_7)
FNDA:0,(anonymous_8)
FNDA:1,(anonymous_9)
DA:2,9
DA:4,9
DA:5,9
DA:11,12
DA:19,12
DA:27,57
DA:35,12
DA:39,0
DA:53,5
DA:57,0
DA:58,0
DA:60,0
DA:66,1
DA:67,1
LF:14
LH:10
BRDA:27,0,0,17
BRDA:27,0,1,34
BRDA:57,1,0,0
BRDA:57,1,1,0
BRF:4
BRH:2
end_of_record
TN:
SF:F:\project\tests\pizza-vue\src\components\Logo\Logo.vue
FN:15,(anonymous_1)
FN:22,(anonymous_2)
FNF:2
FNH:2
FNDA:5,(anonymous_1)
FNDA:5,(anonymous_2)
DA:2,9
DA:3,9
DA:16,5
DA:23,5
LF:4
LH:4
BRF:0
BRH:0
end_of_record
TN:
SF:F:\project\tests\pizza-vue\src\components\ShopCart\ShopCart.vue
FN:17,(anonymous_1)
FN:35,(anonymous_2)
FN:39,(anonymous_3)
FN:40,(anonymous_4)
FN:45,(anonymous_5)
FN:57,(anonymous_6)
FN:65,(anonymous_7)
FN:71,(anonymous_8)
FN:80,(anonymous_9)
FN:88,(anonymous_10)
FNF:10
FNH:9
FNDA:0,(anonymous_1)
FNDA:23,(anonymous_2)
FNDA:23,(anonymous_3)
FNDA:23,(anonymous_4)
FNDA:23,(anonymous_5)
FNDA:3,(anonymous_6)
FNDA:1,(anonymous_7)
FNDA:2,(anonymous_8)
FNDA:2,(anonymous_9)
FNDA:2,(anonymous_10)
DA:2,9
DA:3,9
DA:5,9
DA:17,0
DA:36,23
DA:40,46
DA:46,23
DA:59,3
DA:66,1
DA:72,2
DA:73,2
DA:81,2
DA:85,2
DA:89,2
DA:93,2
LF:15
LH:14
BRDA:40,0,0,23
BRDA:40,0,1,0
BRF:2
BRH:1
end_of_record
TN:
SF:F:\project\tests\pizza-vue\src\func\getCartData.js
FN:9,(anonymous_0)
FN:13,(anonymous_1)
FN:18,(anonymous_2)
FN:41,(anonymous_3)
FN:45,(anonymous_4)
FN:46,(anonymous_5)
FN:52,(anonymous_6)
FN:53,(anonymous_7)
FN:56,(anonymous_8)
FN:67,(anonymous_9)
FNF:10
FNH:10
FNDA:22,(anonymous_0)
FNDA:7,(anonymous_1)
FNDA:7,(anonymous_2)
FNDA:24,(anonymous_3)
FNDA:9,(anonymous_4)
FNDA:9,(anonymous_5)
FNDA:19,(anonymous_6)
FNDA:21,(anonymous_7)
FNDA:7,(anonymous_8)
FNDA:22,(anonymous_9)
DA:8,22
DA:10,22
DA:14,7
DA:15,7
DA:16,7
DA:18,7
DA:22,7
DA:23,7
DA:28,7
DA:42,24
DA:46,9
DA:47,9
DA:49,9
DA:53,21
DA:57,7
DA:58,7
DA:67,7
DA:68,22
DA:70,22
LF:19
LH:19
BRDA:22,0,0,7
BRDA:22,0,1,0
BRF:2
BRH:1
end_of_record
TN:
SF:F:\project\tests\pizza-vue\src\router\index.js
FNF:0
FNH:0
DA:6,4
DA:8,4
DA:21,4
LF:3
LH:3
BRF:0
BRH:0
end_of_record
TN:
SF:F:\project\tests\pizza-vue\src\store\mutation-types.js
FNF:0
FNH:0
DA:2,8
DA:3,8
DA:5,8
DA:6,8
DA:8,8
DA:9,8
DA:11,8
DA:12,8
DA:14,8
DA:15,8
DA:17,8
DA:18,8
DA:20,8
DA:21,8
LF:14
LH:14
BRF:0
BRH:0
end_of_record
TN:
SF:F:\project\tests\pizza-vue\src\store\modules\cart\cart.js
FN:12,(anonymous_0)
FN:18,(anonymous_1)
FN:25,(anonymous_2)
FN:37,(anonymous_3)
FN:39,(anonymous_4)
FN:39,(anonymous_5)
FN:43,(anonymous_6)
FN:43,(anonymous_7)
FN:46,(anonymous_8)
FN:47,(anonymous_9)
FN:50,(anonymous_10)
FN:51,(anonymous_11)
FN:52,(anonymous_12)
FNF:13
FNH:11
FNDA:5,(anonymous_0)
FNDA:0,(anonymous_1)
FNDA:5,(anonymous_2)
FNDA:0,(anonymous_3)
FNDA:3,(anonymous_4)
FNDA:16,(anonymous_5)
FNDA:2,(anonymous_6)
FNDA:14,(anonymous_7)
FNDA:1,(anonymous_8)
FNDA:1,(anonymous_9)
FNDA:2,(anonymous_10)
FNDA:2,(anonymous_11)
FNDA:2,(anonymous_12)
DA:13,5
DA:14,5
DA:15,5
DA:16,5
DA:19,0
DA:26,5
DA:28,5
DA:30,5
DA:32,0
DA:37,0
DA:39,3
DA:40,16
DA:43,2
DA:44,14
DA:47,1
DA:48,1
DA:50,2
DA:51,2
DA:52,2
LF:19
LH:16
BRDA:40,0,0,2
BRDA:40,0,1,14
BRDA:44,1,0,1
BRDA:44,1,1,13
BRDA:50,2,0,1
BRDA:50,2,1,1
BRF:6
BRH:6
end_of_record
TN:
SF:F:\project\tests\pizza-vue\src\store\modules\cart\basket\action.js
FN:8,(anonymous_0)
FN:18,(anonymous_1)
FN:21,(anonymous_2)
FN:45,(anonymous_3)
FN:48,(anonymous_4)
FN:76,(anonymous_5)
FN:78,(anonymous_6)
FNF:7
FNH:7
FNDA:2,(anonymous_0)
FNDA:2,(anonymous_1)
FNDA:1,(anonymous_2)
FNDA:2,(anonymous_3)
FNDA:2,(anonymous_4)
FNDA:2,(anonymous_5)
FNDA:2,(anonymous_6)
DA:3,6
DA:9,2
DA:11,2
DA:13,1
DA:14,1
DA:19,2
DA:21,2
DA:23,1
DA:25,1
DA:28,1
DA:32,1
DA:35,1
DA:40,1
DA:41,1
DA:46,2
DA:48,2
DA:50,2
DA:52,2
DA:54,1
DA:57,1
DA:58,1
DA:61,1
DA:63,1
DA:72,1
DA:73,1
DA:77,2
DA:78,2
DA:79,2
DA:80,2
DA:81,1
DA:82,1
DA:87,0
DA:90,1
DA:91,1
DA:97,1
DA:98,1
LF:36
LH:35
BRDA:80,0,0,1
BRDA:80,0,1,0
BRF:2
BRH:1
end_of_record
TN:
SF:F:\project\tests\pizza-vue\src\store\modules\cart\basket\index.js
FN:14,(anonymous_0)
FN:15,(anonymous_1)
FNF:2
FNH:2
FNDA:1,(anonymous_0)
FNDA:1,(anonymous_1)
DA:4,5
DA:15,1
DA:16,1
DA:17,1
LF:4
LH:4
BRF:0
BRH:0
end_of_record
TN:
SF:F:\project\tests\pizza-vue\src\store\modules\cart\basket\mutation.js
FN:13,(anonymous_0)
FN:20,(anonymous_1)
FN:23,(anonymous_2)
FN:31,(anonymous_3)
FN:34,(anonymous_4)
FN:43,(anonymous_5)
FN:47,(anonymous_6)
FN:56,(anonymous_7)
FNF:8
FNH:4
FNDA:1,(anonymous_0)
FNDA:0,(anonymous_1)
FNDA:1,(anonymous_2)
FNDA:0,(anonymous_3)
FNDA:1,(anonymous_4)
FNDA:0,(anonymous_5)
FNDA:1,(anonymous_6)
FNDA:0,(anonymous_7)
DA:14,1
DA:15,1
DA:16,1
DA:17,1
DA:18,1
DA:21,0
DA:24,1
DA:25,1
DA:27,1
DA:28,1
DA:29,1
DA:32,0
DA:35,1
DA:36,1
DA:37,1
DA:39,1
DA:40,1
DA:41,1
DA:44,0
DA:48,1
DA:49,1
DA:50,1
DA:52,1
DA:53,1
DA:54,1
DA:57,0
LF:26
LH:22
BRF:0
BRH:0
end_of_record
TN:
SF:F:\project\tests\pizza-vue\src\store\modules\dropdown\dropdown.js
FN:18,(anonymous_0)
FN:21,(anonymous_1)
FN:25,(anonymous_2)
FN:30,(anonymous_3)
FN:33,(anonymous_4)
FN:36,(anonymous_5)
FN:41,(anonymous_6)
FNF:7
FNH:7
FNDA:8,(anonymous_0)
FNDA:3,(anonymous_1)
FNDA:2,(anonymous_2)
FNDA:6,(anonymous_3)
FNDA:1,(anonymous_4)
FNDA:2,(anonymous_5)
FNDA:33,(anonymous_6)
DA:19,8
DA:22,3
DA:23,3
DA:26,2
DA:31,6
DA:34,1
DA:37,2
DA:46,33
LF:8
LH:8
BRF:0
BRH:0
end_of_record
TN:
SF:F:\project\tests\pizza-vue\src\store\modules\product\products.js
FN:15,(anonymous_0)
FN:18,(anonymous_1)
FN:21,(anonymous_2)
FN:24,(anonymous_3)
FN:29,(anonymous_4)
FN:50,(anonymous_5)
FN:51,(anonymous_6)
FNF:7
FNH:2
FNDA:1,(anonymous_0)
FNDA:1,(anonymous_1)
FNDA:0,(anonymous_2)
FNDA:0,(anonymous_3)
FNDA:0,(anonymous_4)
FNDA:0,(anonymous_5)
FNDA:0,(anonymous_6)
DA:16,1
DA:19,1
DA:22,0
DA:25,0
DA:30,0
DA:31,0
DA:34,0
DA:35,0
DA:36,0
DA:38,0
DA:39,0
DA:40,0
DA:42,0
DA:45,0
DA:50,0
DA:51,0
LF:16
LH:2
BRDA:39,0,0,0
BRDA:39,0,1,0
BRF:2
BRH:0
end_of_record
TN:
SF:F:\project\tests\pizza-vue\src\store\modules\tags\tags.js
FN:14,(anonymous_0)
FN:19,(anonymous_1)
FN:24,(anonymous_2)
FN:25,(anonymous_3)
FNF:4
FNH:2
FNDA:2,(anonymous_0)
FNDA:1,(anonymous_1)
FNDA:0,(anonymous_2)
FNDA:0,(anonymous_3)
DA:15,2
DA:20,1
DA:24,0
DA:25,0
LF:4
LH:2
BRF:0
BRH:0
end_of_record
TN:
SF:F:\project\tests\pizza-vue\src\views\Market.vue
FN:15,(anonymous_1)
FNF:1
FNH:0
FNDA:0,(anonymous_1)
DA:11,4
DA:16,0
LF:2
LH:1
BRF:0
BRH:0
end_of_record
TN:
SF:F:\project\tests\pizza-vue\src\views\Basket\Basket.vue
FN:15,(anonymous_1)
FNF:1
FNH:0
FNDA:0,(anonymous_1)
DA:10,4
DA:16,0
LF:2
LH:1
BRF:0
BRH:0
end_of_record
